{"C:\\Users\\iyke\\projects\\Andela\\New folder\\more\\server\\test\\test.js":{"path":"C:\\Users\\iyke\\projects\\Andela\\New folder\\more\\server\\test\\test.js","statementMap":{"0":{"start":{"line":8,"column":16},"end":{"line":8,"column":30}},"1":{"start":{"line":9,"column":16},"end":{"line":9,"column":22}},"2":{"start":{"line":10,"column":19},"end":{"line":10,"column":39}},"3":{"start":{"line":13,"column":11},"end":{"line":13,"column":13}},"4":{"start":{"line":20,"column":21},"end":{"line":20,"column":81}},"5":{"start":{"line":23,"column":0},"end":{"line":576,"column":3}},"6":{"start":{"line":24,"column":2},"end":{"line":99,"column":5}},"7":{"start":{"line":25,"column":22},"end":{"line":25,"column":47}},"8":{"start":{"line":26,"column":4},"end":{"line":31,"column":7}},"9":{"start":{"line":27,"column":6},"end":{"line":30,"column":8}},"10":{"start":{"line":33,"column":4},"end":{"line":44,"column":7}},"11":{"start":{"line":34,"column":6},"end":{"line":34,"column":23}},"12":{"start":{"line":35,"column":6},"end":{"line":43,"column":11}},"13":{"start":{"line":38,"column":8},"end":{"line":38,"column":29}},"14":{"start":{"line":40,"column":10},"end":{"line":40,"column":54}},"15":{"start":{"line":41,"column":10},"end":{"line":41,"column":63}},"16":{"start":{"line":42,"column":10},"end":{"line":42,"column":17}},"17":{"start":{"line":46,"column":4},"end":{"line":59,"column":7}},"18":{"start":{"line":47,"column":6},"end":{"line":47,"column":42}},"19":{"start":{"line":48,"column":6},"end":{"line":48,"column":29}},"20":{"start":{"line":49,"column":6},"end":{"line":49,"column":40}},"21":{"start":{"line":50,"column":6},"end":{"line":58,"column":11}},"22":{"start":{"line":53,"column":10},"end":{"line":53,"column":44}},"23":{"start":{"line":54,"column":10},"end":{"line":54,"column":43}},"24":{"start":{"line":55,"column":10},"end":{"line":55,"column":54}},"25":{"start":{"line":56,"column":10},"end":{"line":56,"column":63}},"26":{"start":{"line":57,"column":10},"end":{"line":57,"column":17}},"27":{"start":{"line":61,"column":4},"end":{"line":71,"column":7}},"28":{"start":{"line":62,"column":26},"end":{"line":62,"column":49}},"29":{"start":{"line":63,"column":6},"end":{"line":63,"column":42}},"30":{"start":{"line":64,"column":6},"end":{"line":70,"column":11}},"31":{"start":{"line":67,"column":10},"end":{"line":67,"column":43}},"32":{"start":{"line":68,"column":10},"end":{"line":68,"column":68}},"33":{"start":{"line":69,"column":10},"end":{"line":69,"column":17}},"34":{"start":{"line":74,"column":4},"end":{"line":85,"column":7}},"35":{"start":{"line":75,"column":26},"end":{"line":75,"column":49}},"36":{"start":{"line":76,"column":6},"end":{"line":76,"column":31}},"37":{"start":{"line":78,"column":6},"end":{"line":84,"column":11}},"38":{"start":{"line":81,"column":10},"end":{"line":81,"column":43}},"39":{"start":{"line":82,"column":10},"end":{"line":82,"column":65}},"40":{"start":{"line":83,"column":10},"end":{"line":83,"column":17}},"41":{"start":{"line":87,"column":4},"end":{"line":98,"column":7}},"42":{"start":{"line":88,"column":26},"end":{"line":88,"column":49}},"43":{"start":{"line":89,"column":6},"end":{"line":89,"column":34}},"44":{"start":{"line":91,"column":6},"end":{"line":97,"column":11}},"45":{"start":{"line":94,"column":10},"end":{"line":94,"column":43}},"46":{"start":{"line":95,"column":10},"end":{"line":95,"column":68}},"47":{"start":{"line":96,"column":10},"end":{"line":96,"column":17}},"48":{"start":{"line":100,"column":2},"end":{"line":178,"column":5}},"49":{"start":{"line":101,"column":21},"end":{"line":101,"column":46}},"50":{"start":{"line":103,"column":4},"end":{"line":108,"column":7}},"51":{"start":{"line":104,"column":6},"end":{"line":107,"column":8}},"52":{"start":{"line":110,"column":4},"end":{"line":121,"column":7}},"53":{"start":{"line":111,"column":6},"end":{"line":120,"column":11}},"54":{"start":{"line":114,"column":10},"end":{"line":114,"column":38}},"55":{"start":{"line":115,"column":10},"end":{"line":115,"column":26}},"56":{"start":{"line":117,"column":10},"end":{"line":117,"column":70}},"57":{"start":{"line":118,"column":10},"end":{"line":118,"column":47}},"58":{"start":{"line":119,"column":10},"end":{"line":119,"column":17}},"59":{"start":{"line":123,"column":4},"end":{"line":136,"column":7}},"60":{"start":{"line":124,"column":28},"end":{"line":124,"column":51}},"61":{"start":{"line":125,"column":6},"end":{"line":125,"column":47}},"62":{"start":{"line":126,"column":6},"end":{"line":126,"column":40}},"63":{"start":{"line":127,"column":6},"end":{"line":135,"column":11}},"64":{"start":{"line":130,"column":37},"end":{"line":130,"column":51}},"65":{"start":{"line":131,"column":10},"end":{"line":131,"column":43}},"66":{"start":{"line":132,"column":10},"end":{"line":132,"column":69}},"67":{"start":{"line":133,"column":10},"end":{"line":133,"column":58}},"68":{"start":{"line":134,"column":10},"end":{"line":134,"column":17}},"69":{"start":{"line":138,"column":4},"end":{"line":150,"column":7}},"70":{"start":{"line":139,"column":6},"end":{"line":139,"column":42}},"71":{"start":{"line":140,"column":6},"end":{"line":140,"column":40}},"72":{"start":{"line":141,"column":6},"end":{"line":149,"column":11}},"73":{"start":{"line":144,"column":10},"end":{"line":144,"column":38}},"74":{"start":{"line":145,"column":10},"end":{"line":145,"column":43}},"75":{"start":{"line":146,"column":10},"end":{"line":146,"column":70}},"76":{"start":{"line":147,"column":10},"end":{"line":147,"column":47}},"77":{"start":{"line":148,"column":10},"end":{"line":148,"column":17}},"78":{"start":{"line":152,"column":4},"end":{"line":164,"column":7}},"79":{"start":{"line":153,"column":26},"end":{"line":153,"column":49}},"80":{"start":{"line":154,"column":6},"end":{"line":154,"column":41}},"81":{"start":{"line":155,"column":6},"end":{"line":155,"column":38}},"82":{"start":{"line":157,"column":6},"end":{"line":163,"column":11}},"83":{"start":{"line":160,"column":10},"end":{"line":160,"column":43}},"84":{"start":{"line":161,"column":10},"end":{"line":161,"column":69}},"85":{"start":{"line":162,"column":10},"end":{"line":162,"column":17}},"86":{"start":{"line":166,"column":4},"end":{"line":177,"column":7}},"87":{"start":{"line":167,"column":19},"end":{"line":167,"column":42}},"88":{"start":{"line":168,"column":6},"end":{"line":168,"column":24}},"89":{"start":{"line":170,"column":6},"end":{"line":176,"column":11}},"90":{"start":{"line":173,"column":10},"end":{"line":173,"column":43}},"91":{"start":{"line":174,"column":10},"end":{"line":174,"column":71}},"92":{"start":{"line":175,"column":10},"end":{"line":175,"column":17}},"93":{"start":{"line":180,"column":2},"end":{"line":238,"column":5}},"94":{"start":{"line":181,"column":4},"end":{"line":188,"column":7}},"95":{"start":{"line":182,"column":6},"end":{"line":187,"column":8}},"96":{"start":{"line":191,"column":4},"end":{"line":199,"column":7}},"97":{"start":{"line":192,"column":6},"end":{"line":198,"column":11}},"98":{"start":{"line":195,"column":10},"end":{"line":195,"column":43}},"99":{"start":{"line":196,"column":10},"end":{"line":196,"column":89}},"100":{"start":{"line":197,"column":10},"end":{"line":197,"column":17}},"101":{"start":{"line":202,"column":4},"end":{"line":212,"column":7}},"102":{"start":{"line":203,"column":21},"end":{"line":203,"column":44}},"103":{"start":{"line":204,"column":6},"end":{"line":204,"column":26}},"104":{"start":{"line":205,"column":6},"end":{"line":211,"column":11}},"105":{"start":{"line":208,"column":10},"end":{"line":208,"column":43}},"106":{"start":{"line":209,"column":10},"end":{"line":209,"column":82}},"107":{"start":{"line":210,"column":10},"end":{"line":210,"column":17}},"108":{"start":{"line":214,"column":4},"end":{"line":225,"column":7}},"109":{"start":{"line":215,"column":19},"end":{"line":215,"column":42}},"110":{"start":{"line":216,"column":6},"end":{"line":216,"column":38}},"111":{"start":{"line":217,"column":6},"end":{"line":224,"column":11}},"112":{"start":{"line":220,"column":10},"end":{"line":220,"column":40}},"113":{"start":{"line":221,"column":10},"end":{"line":221,"column":43}},"114":{"start":{"line":222,"column":10},"end":{"line":222,"column":62}},"115":{"start":{"line":223,"column":10},"end":{"line":223,"column":17}},"116":{"start":{"line":227,"column":4},"end":{"line":237,"column":7}},"117":{"start":{"line":228,"column":19},"end":{"line":228,"column":42}},"118":{"start":{"line":229,"column":6},"end":{"line":229,"column":39}},"119":{"start":{"line":230,"column":6},"end":{"line":236,"column":11}},"120":{"start":{"line":233,"column":10},"end":{"line":233,"column":43}},"121":{"start":{"line":234,"column":10},"end":{"line":234,"column":62}},"122":{"start":{"line":235,"column":10},"end":{"line":235,"column":17}},"123":{"start":{"line":240,"column":2},"end":{"line":281,"column":5}},"124":{"start":{"line":241,"column":4},"end":{"line":249,"column":7}},"125":{"start":{"line":242,"column":6},"end":{"line":248,"column":11}},"126":{"start":{"line":245,"column":10},"end":{"line":245,"column":43}},"127":{"start":{"line":246,"column":10},"end":{"line":246,"column":79}},"128":{"start":{"line":247,"column":10},"end":{"line":247,"column":17}},"129":{"start":{"line":251,"column":4},"end":{"line":259,"column":7}},"130":{"start":{"line":252,"column":6},"end":{"line":258,"column":11}},"131":{"start":{"line":255,"column":10},"end":{"line":255,"column":43}},"132":{"start":{"line":256,"column":10},"end":{"line":256,"column":79}},"133":{"start":{"line":257,"column":10},"end":{"line":257,"column":17}},"134":{"start":{"line":261,"column":4},"end":{"line":269,"column":7}},"135":{"start":{"line":262,"column":6},"end":{"line":268,"column":11}},"136":{"start":{"line":265,"column":10},"end":{"line":265,"column":43}},"137":{"start":{"line":266,"column":10},"end":{"line":266,"column":83}},"138":{"start":{"line":267,"column":10},"end":{"line":267,"column":17}},"139":{"start":{"line":272,"column":4},"end":{"line":280,"column":7}},"140":{"start":{"line":273,"column":6},"end":{"line":279,"column":11}},"141":{"start":{"line":276,"column":10},"end":{"line":276,"column":43}},"142":{"start":{"line":277,"column":10},"end":{"line":277,"column":65}},"143":{"start":{"line":278,"column":10},"end":{"line":278,"column":17}},"144":{"start":{"line":283,"column":2},"end":{"line":303,"column":5}},"145":{"start":{"line":284,"column":4},"end":{"line":292,"column":7}},"146":{"start":{"line":285,"column":6},"end":{"line":291,"column":11}},"147":{"start":{"line":288,"column":10},"end":{"line":288,"column":43}},"148":{"start":{"line":289,"column":10},"end":{"line":289,"column":69}},"149":{"start":{"line":290,"column":10},"end":{"line":290,"column":17}},"150":{"start":{"line":294,"column":4},"end":{"line":302,"column":7}},"151":{"start":{"line":295,"column":6},"end":{"line":301,"column":11}},"152":{"start":{"line":298,"column":10},"end":{"line":298,"column":43}},"153":{"start":{"line":299,"column":10},"end":{"line":299,"column":64}},"154":{"start":{"line":300,"column":10},"end":{"line":300,"column":17}},"155":{"start":{"line":305,"column":2},"end":{"line":343,"column":5}},"156":{"start":{"line":306,"column":4},"end":{"line":313,"column":7}},"157":{"start":{"line":307,"column":6},"end":{"line":312,"column":11}},"158":{"start":{"line":309,"column":10},"end":{"line":309,"column":43}},"159":{"start":{"line":310,"column":10},"end":{"line":310,"column":72}},"160":{"start":{"line":311,"column":10},"end":{"line":311,"column":17}},"161":{"start":{"line":315,"column":4},"end":{"line":323,"column":7}},"162":{"start":{"line":316,"column":6},"end":{"line":322,"column":11}},"163":{"start":{"line":319,"column":10},"end":{"line":319,"column":43}},"164":{"start":{"line":320,"column":10},"end":{"line":320,"column":82}},"165":{"start":{"line":321,"column":10},"end":{"line":321,"column":17}},"166":{"start":{"line":324,"column":4},"end":{"line":332,"column":7}},"167":{"start":{"line":325,"column":6},"end":{"line":331,"column":11}},"168":{"start":{"line":328,"column":10},"end":{"line":328,"column":43}},"169":{"start":{"line":329,"column":10},"end":{"line":329,"column":60}},"170":{"start":{"line":330,"column":10},"end":{"line":330,"column":17}},"171":{"start":{"line":334,"column":4},"end":{"line":342,"column":7}},"172":{"start":{"line":335,"column":6},"end":{"line":341,"column":11}},"173":{"start":{"line":338,"column":10},"end":{"line":338,"column":43}},"174":{"start":{"line":339,"column":10},"end":{"line":339,"column":64}},"175":{"start":{"line":340,"column":10},"end":{"line":340,"column":17}},"176":{"start":{"line":345,"column":2},"end":{"line":385,"column":5}},"177":{"start":{"line":346,"column":4},"end":{"line":353,"column":7}},"178":{"start":{"line":347,"column":6},"end":{"line":352,"column":11}},"179":{"start":{"line":349,"column":10},"end":{"line":349,"column":43}},"180":{"start":{"line":350,"column":10},"end":{"line":350,"column":72}},"181":{"start":{"line":351,"column":10},"end":{"line":351,"column":17}},"182":{"start":{"line":355,"column":4},"end":{"line":363,"column":7}},"183":{"start":{"line":356,"column":6},"end":{"line":362,"column":11}},"184":{"start":{"line":359,"column":10},"end":{"line":359,"column":43}},"185":{"start":{"line":360,"column":10},"end":{"line":360,"column":57}},"186":{"start":{"line":361,"column":10},"end":{"line":361,"column":17}},"187":{"start":{"line":365,"column":4},"end":{"line":373,"column":7}},"188":{"start":{"line":366,"column":6},"end":{"line":372,"column":11}},"189":{"start":{"line":369,"column":10},"end":{"line":369,"column":43}},"190":{"start":{"line":370,"column":10},"end":{"line":370,"column":62}},"191":{"start":{"line":371,"column":10},"end":{"line":371,"column":17}},"192":{"start":{"line":375,"column":4},"end":{"line":384,"column":7}},"193":{"start":{"line":376,"column":6},"end":{"line":383,"column":11}},"194":{"start":{"line":379,"column":10},"end":{"line":379,"column":32}},"195":{"start":{"line":380,"column":10},"end":{"line":380,"column":43}},"196":{"start":{"line":381,"column":10},"end":{"line":381,"column":62}},"197":{"start":{"line":382,"column":10},"end":{"line":382,"column":17}},"198":{"start":{"line":387,"column":2},"end":{"line":427,"column":5}},"199":{"start":{"line":388,"column":4},"end":{"line":395,"column":7}},"200":{"start":{"line":389,"column":6},"end":{"line":394,"column":11}},"201":{"start":{"line":391,"column":10},"end":{"line":391,"column":43}},"202":{"start":{"line":392,"column":10},"end":{"line":392,"column":72}},"203":{"start":{"line":393,"column":10},"end":{"line":393,"column":17}},"204":{"start":{"line":397,"column":4},"end":{"line":405,"column":7}},"205":{"start":{"line":398,"column":6},"end":{"line":404,"column":11}},"206":{"start":{"line":401,"column":10},"end":{"line":401,"column":43}},"207":{"start":{"line":402,"column":10},"end":{"line":402,"column":57}},"208":{"start":{"line":403,"column":10},"end":{"line":403,"column":17}},"209":{"start":{"line":407,"column":4},"end":{"line":415,"column":7}},"210":{"start":{"line":408,"column":6},"end":{"line":414,"column":11}},"211":{"start":{"line":411,"column":10},"end":{"line":411,"column":43}},"212":{"start":{"line":412,"column":10},"end":{"line":412,"column":64}},"213":{"start":{"line":413,"column":10},"end":{"line":413,"column":17}},"214":{"start":{"line":417,"column":4},"end":{"line":426,"column":7}},"215":{"start":{"line":418,"column":6},"end":{"line":425,"column":11}},"216":{"start":{"line":421,"column":10},"end":{"line":421,"column":32}},"217":{"start":{"line":422,"column":10},"end":{"line":422,"column":43}},"218":{"start":{"line":423,"column":10},"end":{"line":423,"column":64}},"219":{"start":{"line":424,"column":10},"end":{"line":424,"column":17}},"220":{"start":{"line":429,"column":2},"end":{"line":458,"column":5}},"221":{"start":{"line":430,"column":4},"end":{"line":437,"column":7}},"222":{"start":{"line":431,"column":6},"end":{"line":436,"column":11}},"223":{"start":{"line":433,"column":10},"end":{"line":433,"column":43}},"224":{"start":{"line":434,"column":10},"end":{"line":434,"column":72}},"225":{"start":{"line":435,"column":10},"end":{"line":435,"column":17}},"226":{"start":{"line":439,"column":4},"end":{"line":447,"column":7}},"227":{"start":{"line":440,"column":6},"end":{"line":446,"column":11}},"228":{"start":{"line":443,"column":10},"end":{"line":443,"column":43}},"229":{"start":{"line":444,"column":10},"end":{"line":444,"column":58}},"230":{"start":{"line":445,"column":10},"end":{"line":445,"column":17}},"231":{"start":{"line":449,"column":4},"end":{"line":457,"column":7}},"232":{"start":{"line":450,"column":6},"end":{"line":456,"column":11}},"233":{"start":{"line":453,"column":10},"end":{"line":453,"column":43}},"234":{"start":{"line":454,"column":10},"end":{"line":454,"column":57}},"235":{"start":{"line":455,"column":10},"end":{"line":455,"column":17}},"236":{"start":{"line":460,"column":2},"end":{"line":500,"column":5}},"237":{"start":{"line":461,"column":4},"end":{"line":468,"column":7}},"238":{"start":{"line":462,"column":6},"end":{"line":467,"column":11}},"239":{"start":{"line":464,"column":10},"end":{"line":464,"column":43}},"240":{"start":{"line":465,"column":10},"end":{"line":465,"column":72}},"241":{"start":{"line":466,"column":10},"end":{"line":466,"column":17}},"242":{"start":{"line":470,"column":4},"end":{"line":478,"column":7}},"243":{"start":{"line":471,"column":6},"end":{"line":477,"column":11}},"244":{"start":{"line":474,"column":10},"end":{"line":474,"column":43}},"245":{"start":{"line":475,"column":10},"end":{"line":475,"column":57}},"246":{"start":{"line":476,"column":10},"end":{"line":476,"column":17}},"247":{"start":{"line":480,"column":4},"end":{"line":488,"column":7}},"248":{"start":{"line":481,"column":6},"end":{"line":487,"column":11}},"249":{"start":{"line":484,"column":10},"end":{"line":484,"column":43}},"250":{"start":{"line":485,"column":10},"end":{"line":485,"column":62}},"251":{"start":{"line":486,"column":10},"end":{"line":486,"column":17}},"252":{"start":{"line":490,"column":4},"end":{"line":499,"column":7}},"253":{"start":{"line":491,"column":6},"end":{"line":498,"column":11}},"254":{"start":{"line":494,"column":10},"end":{"line":494,"column":32}},"255":{"start":{"line":495,"column":10},"end":{"line":495,"column":43}},"256":{"start":{"line":496,"column":10},"end":{"line":496,"column":62}},"257":{"start":{"line":497,"column":10},"end":{"line":497,"column":17}},"258":{"start":{"line":502,"column":2},"end":{"line":542,"column":5}},"259":{"start":{"line":503,"column":4},"end":{"line":510,"column":7}},"260":{"start":{"line":504,"column":6},"end":{"line":509,"column":11}},"261":{"start":{"line":506,"column":10},"end":{"line":506,"column":43}},"262":{"start":{"line":507,"column":10},"end":{"line":507,"column":72}},"263":{"start":{"line":508,"column":10},"end":{"line":508,"column":17}},"264":{"start":{"line":512,"column":4},"end":{"line":520,"column":7}},"265":{"start":{"line":513,"column":6},"end":{"line":519,"column":11}},"266":{"start":{"line":516,"column":10},"end":{"line":516,"column":43}},"267":{"start":{"line":517,"column":10},"end":{"line":517,"column":57}},"268":{"start":{"line":518,"column":10},"end":{"line":518,"column":17}},"269":{"start":{"line":522,"column":4},"end":{"line":530,"column":7}},"270":{"start":{"line":523,"column":6},"end":{"line":529,"column":11}},"271":{"start":{"line":526,"column":10},"end":{"line":526,"column":43}},"272":{"start":{"line":527,"column":10},"end":{"line":527,"column":64}},"273":{"start":{"line":528,"column":10},"end":{"line":528,"column":17}},"274":{"start":{"line":532,"column":4},"end":{"line":541,"column":7}},"275":{"start":{"line":533,"column":6},"end":{"line":540,"column":11}},"276":{"start":{"line":536,"column":10},"end":{"line":536,"column":32}},"277":{"start":{"line":537,"column":10},"end":{"line":537,"column":43}},"278":{"start":{"line":538,"column":10},"end":{"line":538,"column":64}},"279":{"start":{"line":539,"column":10},"end":{"line":539,"column":17}},"280":{"start":{"line":544,"column":2},"end":{"line":574,"column":5}},"281":{"start":{"line":545,"column":4},"end":{"line":553,"column":7}},"282":{"start":{"line":546,"column":6},"end":{"line":552,"column":11}},"283":{"start":{"line":549,"column":10},"end":{"line":549,"column":43}},"284":{"start":{"line":550,"column":10},"end":{"line":550,"column":62}},"285":{"start":{"line":551,"column":10},"end":{"line":551,"column":17}},"286":{"start":{"line":555,"column":4},"end":{"line":563,"column":7}},"287":{"start":{"line":556,"column":6},"end":{"line":562,"column":11}},"288":{"start":{"line":559,"column":10},"end":{"line":559,"column":43}},"289":{"start":{"line":560,"column":10},"end":{"line":560,"column":64}},"290":{"start":{"line":561,"column":10},"end":{"line":561,"column":17}},"291":{"start":{"line":565,"column":4},"end":{"line":573,"column":7}},"292":{"start":{"line":566,"column":6},"end":{"line":572,"column":11}},"293":{"start":{"line":569,"column":10},"end":{"line":569,"column":43}},"294":{"start":{"line":570,"column":10},"end":{"line":570,"column":62}},"295":{"start":{"line":571,"column":10},"end":{"line":571,"column":17}}},"fnMap":{"0":{"name":"(anonymous_0)","decl":{"start":{"line":23,"column":34},"end":{"line":23,"column":35}},"loc":{"start":{"line":23,"column":40},"end":{"line":576,"column":1}},"line":23},"1":{"name":"(anonymous_1)","decl":{"start":{"line":24,"column":26},"end":{"line":24,"column":27}},"loc":{"start":{"line":24,"column":32},"end":{"line":99,"column":3}},"line":24},"2":{"name":"(anonymous_2)","decl":{"start":{"line":26,"column":15},"end":{"line":26,"column":16}},"loc":{"start":{"line":26,"column":21},"end":{"line":31,"column":5}},"line":26},"3":{"name":"(anonymous_3)","decl":{"start":{"line":33,"column":55},"end":{"line":33,"column":56}},"loc":{"start":{"line":33,"column":65},"end":{"line":44,"column":5}},"line":33},"4":{"name":"(anonymous_4)","decl":{"start":{"line":37,"column":13},"end":{"line":37,"column":14}},"loc":{"start":{"line":37,"column":27},"end":{"line":43,"column":9}},"line":37},"5":{"name":"(anonymous_5)","decl":{"start":{"line":46,"column":56},"end":{"line":46,"column":57}},"loc":{"start":{"line":46,"column":66},"end":{"line":59,"column":5}},"line":46},"6":{"name":"(anonymous_6)","decl":{"start":{"line":52,"column":13},"end":{"line":52,"column":14}},"loc":{"start":{"line":52,"column":27},"end":{"line":58,"column":9}},"line":52},"7":{"name":"(anonymous_7)","decl":{"start":{"line":61,"column":52},"end":{"line":61,"column":53}},"loc":{"start":{"line":61,"column":62},"end":{"line":71,"column":5}},"line":61},"8":{"name":"(anonymous_8)","decl":{"start":{"line":66,"column":13},"end":{"line":66,"column":14}},"loc":{"start":{"line":66,"column":27},"end":{"line":70,"column":9}},"line":66},"9":{"name":"(anonymous_9)","decl":{"start":{"line":74,"column":48},"end":{"line":74,"column":49}},"loc":{"start":{"line":74,"column":58},"end":{"line":85,"column":5}},"line":74},"10":{"name":"(anonymous_10)","decl":{"start":{"line":80,"column":13},"end":{"line":80,"column":14}},"loc":{"start":{"line":80,"column":27},"end":{"line":84,"column":9}},"line":80},"11":{"name":"(anonymous_11)","decl":{"start":{"line":87,"column":51},"end":{"line":87,"column":52}},"loc":{"start":{"line":87,"column":61},"end":{"line":98,"column":5}},"line":87},"12":{"name":"(anonymous_12)","decl":{"start":{"line":93,"column":13},"end":{"line":93,"column":14}},"loc":{"start":{"line":93,"column":27},"end":{"line":97,"column":9}},"line":93},"13":{"name":"(anonymous_13)","decl":{"start":{"line":100,"column":25},"end":{"line":100,"column":26}},"loc":{"start":{"line":100,"column":31},"end":{"line":178,"column":3}},"line":100},"14":{"name":"(anonymous_14)","decl":{"start":{"line":103,"column":15},"end":{"line":103,"column":16}},"loc":{"start":{"line":103,"column":21},"end":{"line":108,"column":5}},"line":103},"15":{"name":"(anonymous_15)","decl":{"start":{"line":110,"column":44},"end":{"line":110,"column":45}},"loc":{"start":{"line":110,"column":54},"end":{"line":121,"column":5}},"line":110},"16":{"name":"(anonymous_16)","decl":{"start":{"line":113,"column":13},"end":{"line":113,"column":14}},"loc":{"start":{"line":113,"column":27},"end":{"line":120,"column":9}},"line":113},"17":{"name":"(anonymous_17)","decl":{"start":{"line":123,"column":50},"end":{"line":123,"column":51}},"loc":{"start":{"line":123,"column":60},"end":{"line":136,"column":5}},"line":123},"18":{"name":"(anonymous_18)","decl":{"start":{"line":129,"column":13},"end":{"line":129,"column":14}},"loc":{"start":{"line":129,"column":27},"end":{"line":135,"column":9}},"line":129},"19":{"name":"(anonymous_19)","decl":{"start":{"line":138,"column":44},"end":{"line":138,"column":45}},"loc":{"start":{"line":138,"column":54},"end":{"line":150,"column":5}},"line":138},"20":{"name":"(anonymous_20)","decl":{"start":{"line":143,"column":13},"end":{"line":143,"column":14}},"loc":{"start":{"line":143,"column":27},"end":{"line":149,"column":9}},"line":143},"21":{"name":"(anonymous_21)","decl":{"start":{"line":152,"column":60},"end":{"line":152,"column":61}},"loc":{"start":{"line":152,"column":70},"end":{"line":164,"column":5}},"line":152},"22":{"name":"(anonymous_22)","decl":{"start":{"line":159,"column":13},"end":{"line":159,"column":14}},"loc":{"start":{"line":159,"column":27},"end":{"line":163,"column":9}},"line":159},"23":{"name":"(anonymous_23)","decl":{"start":{"line":166,"column":48},"end":{"line":166,"column":49}},"loc":{"start":{"line":166,"column":58},"end":{"line":177,"column":5}},"line":166},"24":{"name":"(anonymous_24)","decl":{"start":{"line":172,"column":13},"end":{"line":172,"column":14}},"loc":{"start":{"line":172,"column":27},"end":{"line":176,"column":9}},"line":172},"25":{"name":"(anonymous_25)","decl":{"start":{"line":180,"column":25},"end":{"line":180,"column":26}},"loc":{"start":{"line":180,"column":31},"end":{"line":238,"column":3}},"line":180},"26":{"name":"(anonymous_26)","decl":{"start":{"line":181,"column":15},"end":{"line":181,"column":16}},"loc":{"start":{"line":181,"column":21},"end":{"line":188,"column":5}},"line":181},"27":{"name":"(anonymous_27)","decl":{"start":{"line":191,"column":44},"end":{"line":191,"column":45}},"loc":{"start":{"line":191,"column":54},"end":{"line":199,"column":5}},"line":191},"28":{"name":"(anonymous_28)","decl":{"start":{"line":194,"column":13},"end":{"line":194,"column":14}},"loc":{"start":{"line":194,"column":27},"end":{"line":198,"column":9}},"line":194},"29":{"name":"(anonymous_29)","decl":{"start":{"line":202,"column":50},"end":{"line":202,"column":51}},"loc":{"start":{"line":202,"column":60},"end":{"line":212,"column":5}},"line":202},"30":{"name":"(anonymous_30)","decl":{"start":{"line":207,"column":13},"end":{"line":207,"column":14}},"loc":{"start":{"line":207,"column":27},"end":{"line":211,"column":9}},"line":207},"31":{"name":"(anonymous_31)","decl":{"start":{"line":214,"column":42},"end":{"line":214,"column":43}},"loc":{"start":{"line":214,"column":52},"end":{"line":225,"column":5}},"line":214},"32":{"name":"(anonymous_32)","decl":{"start":{"line":219,"column":13},"end":{"line":219,"column":14}},"loc":{"start":{"line":219,"column":27},"end":{"line":224,"column":9}},"line":219},"33":{"name":"(anonymous_33)","decl":{"start":{"line":227,"column":42},"end":{"line":227,"column":43}},"loc":{"start":{"line":227,"column":52},"end":{"line":237,"column":5}},"line":227},"34":{"name":"(anonymous_34)","decl":{"start":{"line":232,"column":13},"end":{"line":232,"column":14}},"loc":{"start":{"line":232,"column":27},"end":{"line":236,"column":9}},"line":232},"35":{"name":"(anonymous_35)","decl":{"start":{"line":240,"column":34},"end":{"line":240,"column":35}},"loc":{"start":{"line":240,"column":40},"end":{"line":281,"column":3}},"line":240},"36":{"name":"(anonymous_36)","decl":{"start":{"line":241,"column":56},"end":{"line":241,"column":57}},"loc":{"start":{"line":241,"column":66},"end":{"line":249,"column":5}},"line":241},"37":{"name":"(anonymous_37)","decl":{"start":{"line":244,"column":13},"end":{"line":244,"column":14}},"loc":{"start":{"line":244,"column":27},"end":{"line":248,"column":9}},"line":244},"38":{"name":"(anonymous_38)","decl":{"start":{"line":251,"column":55},"end":{"line":251,"column":56}},"loc":{"start":{"line":251,"column":65},"end":{"line":259,"column":5}},"line":251},"39":{"name":"(anonymous_39)","decl":{"start":{"line":254,"column":13},"end":{"line":254,"column":14}},"loc":{"start":{"line":254,"column":27},"end":{"line":258,"column":9}},"line":254},"40":{"name":"(anonymous_40)","decl":{"start":{"line":261,"column":60},"end":{"line":261,"column":61}},"loc":{"start":{"line":261,"column":70},"end":{"line":269,"column":5}},"line":261},"41":{"name":"(anonymous_41)","decl":{"start":{"line":264,"column":13},"end":{"line":264,"column":14}},"loc":{"start":{"line":264,"column":27},"end":{"line":268,"column":9}},"line":264},"42":{"name":"(anonymous_42)","decl":{"start":{"line":272,"column":43},"end":{"line":272,"column":44}},"loc":{"start":{"line":272,"column":53},"end":{"line":280,"column":5}},"line":272},"43":{"name":"(anonymous_43)","decl":{"start":{"line":275,"column":13},"end":{"line":275,"column":14}},"loc":{"start":{"line":275,"column":27},"end":{"line":279,"column":9}},"line":275},"44":{"name":"(anonymous_44)","decl":{"start":{"line":283,"column":29},"end":{"line":283,"column":30}},"loc":{"start":{"line":283,"column":35},"end":{"line":303,"column":3}},"line":283},"45":{"name":"(anonymous_45)","decl":{"start":{"line":284,"column":43},"end":{"line":284,"column":44}},"loc":{"start":{"line":284,"column":53},"end":{"line":292,"column":5}},"line":284},"46":{"name":"(anonymous_46)","decl":{"start":{"line":287,"column":13},"end":{"line":287,"column":14}},"loc":{"start":{"line":287,"column":27},"end":{"line":291,"column":9}},"line":287},"47":{"name":"(anonymous_47)","decl":{"start":{"line":294,"column":44},"end":{"line":294,"column":45}},"loc":{"start":{"line":294,"column":54},"end":{"line":302,"column":5}},"line":294},"48":{"name":"(anonymous_48)","decl":{"start":{"line":297,"column":13},"end":{"line":297,"column":14}},"loc":{"start":{"line":297,"column":27},"end":{"line":301,"column":9}},"line":297},"49":{"name":"(anonymous_49)","decl":{"start":{"line":305,"column":26},"end":{"line":305,"column":27}},"loc":{"start":{"line":305,"column":32},"end":{"line":343,"column":3}},"line":305},"50":{"name":"(anonymous_50)","decl":{"start":{"line":306,"column":43},"end":{"line":306,"column":44}},"loc":{"start":{"line":306,"column":53},"end":{"line":313,"column":5}},"line":306},"51":{"name":"(anonymous_51)","decl":{"start":{"line":308,"column":13},"end":{"line":308,"column":14}},"loc":{"start":{"line":308,"column":27},"end":{"line":312,"column":9}},"line":308},"52":{"name":"(anonymous_52)","decl":{"start":{"line":315,"column":40},"end":{"line":315,"column":41}},"loc":{"start":{"line":315,"column":50},"end":{"line":323,"column":5}},"line":315},"53":{"name":"(anonymous_53)","decl":{"start":{"line":318,"column":13},"end":{"line":318,"column":14}},"loc":{"start":{"line":318,"column":27},"end":{"line":322,"column":9}},"line":318},"54":{"name":"(anonymous_54)","decl":{"start":{"line":324,"column":42},"end":{"line":324,"column":43}},"loc":{"start":{"line":324,"column":52},"end":{"line":332,"column":5}},"line":324},"55":{"name":"(anonymous_55)","decl":{"start":{"line":327,"column":13},"end":{"line":327,"column":14}},"loc":{"start":{"line":327,"column":27},"end":{"line":331,"column":9}},"line":327},"56":{"name":"(anonymous_56)","decl":{"start":{"line":334,"column":44},"end":{"line":334,"column":45}},"loc":{"start":{"line":334,"column":54},"end":{"line":342,"column":5}},"line":334},"57":{"name":"(anonymous_57)","decl":{"start":{"line":337,"column":13},"end":{"line":337,"column":14}},"loc":{"start":{"line":337,"column":27},"end":{"line":341,"column":9}},"line":337},"58":{"name":"(anonymous_58)","decl":{"start":{"line":345,"column":29},"end":{"line":345,"column":30}},"loc":{"start":{"line":345,"column":35},"end":{"line":385,"column":3}},"line":345},"59":{"name":"(anonymous_59)","decl":{"start":{"line":346,"column":49},"end":{"line":346,"column":50}},"loc":{"start":{"line":346,"column":59},"end":{"line":353,"column":5}},"line":346},"60":{"name":"(anonymous_60)","decl":{"start":{"line":348,"column":13},"end":{"line":348,"column":14}},"loc":{"start":{"line":348,"column":27},"end":{"line":352,"column":9}},"line":348},"61":{"name":"(anonymous_61)","decl":{"start":{"line":355,"column":44},"end":{"line":355,"column":45}},"loc":{"start":{"line":355,"column":54},"end":{"line":363,"column":5}},"line":355},"62":{"name":"(anonymous_62)","decl":{"start":{"line":358,"column":13},"end":{"line":358,"column":14}},"loc":{"start":{"line":358,"column":27},"end":{"line":362,"column":9}},"line":358},"63":{"name":"(anonymous_63)","decl":{"start":{"line":365,"column":39},"end":{"line":365,"column":40}},"loc":{"start":{"line":365,"column":49},"end":{"line":373,"column":5}},"line":365},"64":{"name":"(anonymous_64)","decl":{"start":{"line":368,"column":13},"end":{"line":368,"column":14}},"loc":{"start":{"line":368,"column":27},"end":{"line":372,"column":9}},"line":368},"65":{"name":"(anonymous_65)","decl":{"start":{"line":375,"column":51},"end":{"line":375,"column":52}},"loc":{"start":{"line":375,"column":61},"end":{"line":384,"column":5}},"line":375},"66":{"name":"(anonymous_66)","decl":{"start":{"line":378,"column":13},"end":{"line":378,"column":14}},"loc":{"start":{"line":378,"column":27},"end":{"line":383,"column":9}},"line":378},"67":{"name":"(anonymous_67)","decl":{"start":{"line":387,"column":31},"end":{"line":387,"column":32}},"loc":{"start":{"line":387,"column":37},"end":{"line":427,"column":3}},"line":387},"68":{"name":"(anonymous_68)","decl":{"start":{"line":388,"column":49},"end":{"line":388,"column":50}},"loc":{"start":{"line":388,"column":59},"end":{"line":395,"column":5}},"line":388},"69":{"name":"(anonymous_69)","decl":{"start":{"line":390,"column":13},"end":{"line":390,"column":14}},"loc":{"start":{"line":390,"column":27},"end":{"line":394,"column":9}},"line":390},"70":{"name":"(anonymous_70)","decl":{"start":{"line":397,"column":44},"end":{"line":397,"column":45}},"loc":{"start":{"line":397,"column":54},"end":{"line":405,"column":5}},"line":397},"71":{"name":"(anonymous_71)","decl":{"start":{"line":400,"column":13},"end":{"line":400,"column":14}},"loc":{"start":{"line":400,"column":27},"end":{"line":404,"column":9}},"line":400},"72":{"name":"(anonymous_72)","decl":{"start":{"line":407,"column":41},"end":{"line":407,"column":42}},"loc":{"start":{"line":407,"column":51},"end":{"line":415,"column":5}},"line":407},"73":{"name":"(anonymous_73)","decl":{"start":{"line":410,"column":13},"end":{"line":410,"column":14}},"loc":{"start":{"line":410,"column":27},"end":{"line":414,"column":9}},"line":410},"74":{"name":"(anonymous_74)","decl":{"start":{"line":417,"column":53},"end":{"line":417,"column":54}},"loc":{"start":{"line":417,"column":63},"end":{"line":426,"column":5}},"line":417},"75":{"name":"(anonymous_75)","decl":{"start":{"line":420,"column":13},"end":{"line":420,"column":14}},"loc":{"start":{"line":420,"column":27},"end":{"line":425,"column":9}},"line":420},"76":{"name":"(anonymous_76)","decl":{"start":{"line":429,"column":27},"end":{"line":429,"column":28}},"loc":{"start":{"line":429,"column":33},"end":{"line":458,"column":3}},"line":429},"77":{"name":"(anonymous_77)","decl":{"start":{"line":430,"column":43},"end":{"line":430,"column":44}},"loc":{"start":{"line":430,"column":53},"end":{"line":437,"column":5}},"line":430},"78":{"name":"(anonymous_78)","decl":{"start":{"line":432,"column":13},"end":{"line":432,"column":14}},"loc":{"start":{"line":432,"column":27},"end":{"line":436,"column":9}},"line":432},"79":{"name":"(anonymous_79)","decl":{"start":{"line":439,"column":42},"end":{"line":439,"column":43}},"loc":{"start":{"line":439,"column":52},"end":{"line":447,"column":5}},"line":439},"80":{"name":"(anonymous_80)","decl":{"start":{"line":442,"column":13},"end":{"line":442,"column":14}},"loc":{"start":{"line":442,"column":27},"end":{"line":446,"column":9}},"line":442},"81":{"name":"(anonymous_81)","decl":{"start":{"line":449,"column":44},"end":{"line":449,"column":45}},"loc":{"start":{"line":449,"column":54},"end":{"line":457,"column":5}},"line":449},"82":{"name":"(anonymous_82)","decl":{"start":{"line":452,"column":13},"end":{"line":452,"column":14}},"loc":{"start":{"line":452,"column":27},"end":{"line":456,"column":9}},"line":452},"83":{"name":"(anonymous_83)","decl":{"start":{"line":460,"column":29},"end":{"line":460,"column":30}},"loc":{"start":{"line":460,"column":35},"end":{"line":500,"column":3}},"line":460},"84":{"name":"(anonymous_84)","decl":{"start":{"line":461,"column":49},"end":{"line":461,"column":50}},"loc":{"start":{"line":461,"column":59},"end":{"line":468,"column":5}},"line":461},"85":{"name":"(anonymous_85)","decl":{"start":{"line":463,"column":13},"end":{"line":463,"column":14}},"loc":{"start":{"line":463,"column":27},"end":{"line":467,"column":9}},"line":463},"86":{"name":"(anonymous_86)","decl":{"start":{"line":470,"column":44},"end":{"line":470,"column":45}},"loc":{"start":{"line":470,"column":54},"end":{"line":478,"column":5}},"line":470},"87":{"name":"(anonymous_87)","decl":{"start":{"line":473,"column":13},"end":{"line":473,"column":14}},"loc":{"start":{"line":473,"column":27},"end":{"line":477,"column":9}},"line":473},"88":{"name":"(anonymous_88)","decl":{"start":{"line":480,"column":39},"end":{"line":480,"column":40}},"loc":{"start":{"line":480,"column":49},"end":{"line":488,"column":5}},"line":480},"89":{"name":"(anonymous_89)","decl":{"start":{"line":483,"column":13},"end":{"line":483,"column":14}},"loc":{"start":{"line":483,"column":27},"end":{"line":487,"column":9}},"line":483},"90":{"name":"(anonymous_90)","decl":{"start":{"line":490,"column":51},"end":{"line":490,"column":52}},"loc":{"start":{"line":490,"column":61},"end":{"line":499,"column":5}},"line":490},"91":{"name":"(anonymous_91)","decl":{"start":{"line":493,"column":13},"end":{"line":493,"column":14}},"loc":{"start":{"line":493,"column":27},"end":{"line":498,"column":9}},"line":493},"92":{"name":"(anonymous_92)","decl":{"start":{"line":502,"column":31},"end":{"line":502,"column":32}},"loc":{"start":{"line":502,"column":37},"end":{"line":542,"column":3}},"line":502},"93":{"name":"(anonymous_93)","decl":{"start":{"line":503,"column":49},"end":{"line":503,"column":50}},"loc":{"start":{"line":503,"column":59},"end":{"line":510,"column":5}},"line":503},"94":{"name":"(anonymous_94)","decl":{"start":{"line":505,"column":13},"end":{"line":505,"column":14}},"loc":{"start":{"line":505,"column":27},"end":{"line":509,"column":9}},"line":505},"95":{"name":"(anonymous_95)","decl":{"start":{"line":512,"column":44},"end":{"line":512,"column":45}},"loc":{"start":{"line":512,"column":54},"end":{"line":520,"column":5}},"line":512},"96":{"name":"(anonymous_96)","decl":{"start":{"line":515,"column":13},"end":{"line":515,"column":14}},"loc":{"start":{"line":515,"column":27},"end":{"line":519,"column":9}},"line":515},"97":{"name":"(anonymous_97)","decl":{"start":{"line":522,"column":41},"end":{"line":522,"column":42}},"loc":{"start":{"line":522,"column":51},"end":{"line":530,"column":5}},"line":522},"98":{"name":"(anonymous_98)","decl":{"start":{"line":525,"column":13},"end":{"line":525,"column":14}},"loc":{"start":{"line":525,"column":27},"end":{"line":529,"column":9}},"line":525},"99":{"name":"(anonymous_99)","decl":{"start":{"line":532,"column":53},"end":{"line":532,"column":54}},"loc":{"start":{"line":532,"column":63},"end":{"line":541,"column":5}},"line":532},"100":{"name":"(anonymous_100)","decl":{"start":{"line":535,"column":13},"end":{"line":535,"column":14}},"loc":{"start":{"line":535,"column":27},"end":{"line":540,"column":9}},"line":535},"101":{"name":"(anonymous_101)","decl":{"start":{"line":544,"column":29},"end":{"line":544,"column":30}},"loc":{"start":{"line":544,"column":35},"end":{"line":574,"column":3}},"line":544},"102":{"name":"(anonymous_102)","decl":{"start":{"line":545,"column":49},"end":{"line":545,"column":50}},"loc":{"start":{"line":545,"column":59},"end":{"line":553,"column":5}},"line":545},"103":{"name":"(anonymous_103)","decl":{"start":{"line":548,"column":13},"end":{"line":548,"column":14}},"loc":{"start":{"line":548,"column":27},"end":{"line":552,"column":9}},"line":548},"104":{"name":"(anonymous_104)","decl":{"start":{"line":555,"column":44},"end":{"line":555,"column":45}},"loc":{"start":{"line":555,"column":54},"end":{"line":563,"column":5}},"line":555},"105":{"name":"(anonymous_105)","decl":{"start":{"line":558,"column":13},"end":{"line":558,"column":14}},"loc":{"start":{"line":558,"column":27},"end":{"line":562,"column":9}},"line":558},"106":{"name":"(anonymous_106)","decl":{"start":{"line":565,"column":39},"end":{"line":565,"column":40}},"loc":{"start":{"line":565,"column":49},"end":{"line":573,"column":5}},"line":565},"107":{"name":"(anonymous_107)","decl":{"start":{"line":568,"column":13},"end":{"line":568,"column":14}},"loc":{"start":{"line":568,"column":27},"end":{"line":572,"column":9}},"line":568}},"branchMap":{},"s":{"0":1,"1":1,"2":1,"3":1,"4":1,"5":1,"6":1,"7":1,"8":1,"9":5,"10":1,"11":1,"12":1,"13":1,"14":1,"15":1,"16":1,"17":1,"18":1,"19":1,"20":1,"21":1,"22":1,"23":1,"24":1,"25":1,"26":1,"27":1,"28":1,"29":1,"30":1,"31":1,"32":1,"33":1,"34":1,"35":1,"36":1,"37":1,"38":1,"39":1,"40":1,"41":1,"42":1,"43":1,"44":1,"45":1,"46":1,"47":1,"48":1,"49":1,"50":1,"51":5,"52":1,"53":1,"54":1,"55":1,"56":1,"57":1,"58":1,"59":1,"60":1,"61":1,"62":1,"63":1,"64":1,"65":1,"66":1,"67":1,"68":1,"69":1,"70":1,"71":1,"72":1,"73":1,"74":1,"75":1,"76":1,"77":1,"78":1,"79":1,"80":1,"81":1,"82":1,"83":1,"84":1,"85":1,"86":1,"87":1,"88":1,"89":1,"90":1,"91":1,"92":1,"93":1,"94":1,"95":4,"96":1,"97":1,"98":1,"99":1,"100":1,"101":1,"102":1,"103":1,"104":1,"105":1,"106":1,"107":1,"108":1,"109":1,"110":1,"111":1,"112":1,"113":1,"114":1,"115":1,"116":1,"117":1,"118":1,"119":1,"120":1,"121":1,"122":1,"123":1,"124":1,"125":1,"126":1,"127":1,"128":1,"129":1,"130":1,"131":1,"132":1,"133":1,"134":1,"135":1,"136":1,"137":1,"138":1,"139":1,"140":1,"141":1,"142":1,"143":1,"144":1,"145":1,"146":1,"147":1,"148":1,"149":1,"150":1,"151":1,"152":1,"153":1,"154":1,"155":1,"156":1,"157":1,"158":1,"159":1,"160":1,"161":1,"162":1,"163":1,"164":1,"165":1,"166":1,"167":1,"168":1,"169":1,"170":1,"171":1,"172":1,"173":1,"174":1,"175":1,"176":1,"177":1,"178":1,"179":1,"180":1,"181":1,"182":1,"183":1,"184":1,"185":1,"186":1,"187":1,"188":1,"189":1,"190":1,"191":1,"192":1,"193":1,"194":1,"195":1,"196":1,"197":1,"198":1,"199":1,"200":1,"201":1,"202":1,"203":1,"204":1,"205":1,"206":1,"207":1,"208":1,"209":1,"210":1,"211":1,"212":1,"213":1,"214":1,"215":1,"216":1,"217":1,"218":1,"219":1,"220":1,"221":1,"222":1,"223":1,"224":1,"225":1,"226":1,"227":1,"228":1,"229":1,"230":1,"231":1,"232":1,"233":1,"234":1,"235":1,"236":1,"237":1,"238":1,"239":1,"240":1,"241":1,"242":1,"243":1,"244":1,"245":1,"246":1,"247":1,"248":1,"249":1,"250":1,"251":1,"252":1,"253":1,"254":1,"255":1,"256":1,"257":1,"258":1,"259":1,"260":1,"261":1,"262":1,"263":1,"264":1,"265":1,"266":1,"267":1,"268":1,"269":1,"270":1,"271":1,"272":1,"273":1,"274":1,"275":1,"276":1,"277":1,"278":1,"279":1,"280":1,"281":1,"282":1,"283":1,"284":1,"285":1,"286":1,"287":1,"288":1,"289":1,"290":1,"291":1,"292":1,"293":1,"294":1,"295":1},"f":{"0":1,"1":1,"2":5,"3":1,"4":1,"5":1,"6":1,"7":1,"8":1,"9":1,"10":1,"11":1,"12":1,"13":1,"14":5,"15":1,"16":1,"17":1,"18":1,"19":1,"20":1,"21":1,"22":1,"23":1,"24":1,"25":1,"26":4,"27":1,"28":1,"29":1,"30":1,"31":1,"32":1,"33":1,"34":1,"35":1,"36":1,"37":1,"38":1,"39":1,"40":1,"41":1,"42":1,"43":1,"44":1,"45":1,"46":1,"47":1,"48":1,"49":1,"50":1,"51":1,"52":1,"53":1,"54":1,"55":1,"56":1,"57":1,"58":1,"59":1,"60":1,"61":1,"62":1,"63":1,"64":1,"65":1,"66":1,"67":1,"68":1,"69":1,"70":1,"71":1,"72":1,"73":1,"74":1,"75":1,"76":1,"77":1,"78":1,"79":1,"80":1,"81":1,"82":1,"83":1,"84":1,"85":1,"86":1,"87":1,"88":1,"89":1,"90":1,"91":1,"92":1,"93":1,"94":1,"95":1,"96":1,"97":1,"98":1,"99":1,"100":1,"101":1,"102":1,"103":1,"104":1,"105":1,"106":1,"107":1},"b":{},"_coverageSchema":"332fd63041d2c1bcb487cc26dd0d5f7d97098a6c","hash":"1d09288ed3ae7336ab81dab7895f0f11832a5134","contentHash":"fde5af6039f5591f05b6208ea4c0f5e1_11.2.1"},"C:\\Users\\iyke\\projects\\Andela\\New folder\\more\\server\\app.js":{"path":"C:\\Users\\iyke\\projects\\Andela\\New folder\\more\\server\\app.js","statementMap":{"0":{"start":{"line":1,"column":16},"end":{"line":1,"column":34}},"1":{"start":{"line":2,"column":15},"end":{"line":2,"column":32}},"2":{"start":{"line":3,"column":19},"end":{"line":3,"column":41}},"3":{"start":{"line":4,"column":15},"end":{"line":4,"column":43}},"4":{"start":{"line":7,"column":12},"end":{"line":7,"column":21}},"5":{"start":{"line":10,"column":0},"end":{"line":10,"column":23}},"6":{"start":{"line":13,"column":0},"end":{"line":13,"column":27}},"7":{"start":{"line":14,"column":0},"end":{"line":14,"column":52}},"8":{"start":{"line":18,"column":0},"end":{"line":18,"column":24}},"9":{"start":{"line":20,"column":0},"end":{"line":20,"column":21}}},"fnMap":{},"branchMap":{},"s":{"0":1,"1":1,"2":1,"3":1,"4":1,"5":1,"6":1,"7":1,"8":1,"9":1},"f":{},"b":{},"_coverageSchema":"332fd63041d2c1bcb487cc26dd0d5f7d97098a6c","hash":"b9b203fb600b8bdfae0565bb6be7ed417d9ab2e5","contentHash":"de888d1cc20a549c8383078369012dfd_11.2.1"},"C:\\Users\\iyke\\projects\\Andela\\New folder\\more\\server\\routes\\index.js":{"path":"C:\\Users\\iyke\\projects\\Andela\\New folder\\more\\server\\routes\\index.js","statementMap":{"0":{"start":{"line":6,"column":14},"end":{"line":6,"column":30}},"1":{"start":{"line":8,"column":0},"end":{"line":8,"column":25}},"2":{"start":{"line":9,"column":0},"end":{"line":9,"column":29}},"3":{"start":{"line":11,"column":0},"end":{"line":11,"column":23}}},"fnMap":{},"branchMap":{},"s":{"0":1,"1":1,"2":1,"3":1},"f":{},"b":{},"_coverageSchema":"332fd63041d2c1bcb487cc26dd0d5f7d97098a6c","hash":"ab0b29cfa97791e8b600c29ea6b21db084b4a9e9","contentHash":"527a2ca1062dde458df0b0c82837847b_11.2.1"},"C:\\Users\\iyke\\projects\\Andela\\New folder\\more\\server\\routes\\userRouter.js":{"path":"C:\\Users\\iyke\\projects\\Andela\\New folder\\more\\server\\routes\\userRouter.js","statementMap":{"0":{"start":{"line":6,"column":15},"end":{"line":6,"column":31}},"1":{"start":{"line":9,"column":0},"end":{"line":11,"column":4}},"2":{"start":{"line":9,"column":30},"end":{"line":11,"column":2}},"3":{"start":{"line":13,"column":0},"end":{"line":53,"column":3}},"4":{"start":{"line":14,"column":2},"end":{"line":18,"column":3}},"5":{"start":{"line":15,"column":4},"end":{"line":17,"column":7}},"6":{"start":{"line":19,"column":2},"end":{"line":23,"column":3}},"7":{"start":{"line":20,"column":4},"end":{"line":22,"column":7}},"8":{"start":{"line":24,"column":2},"end":{"line":28,"column":3}},"9":{"start":{"line":25,"column":4},"end":{"line":27,"column":7}},"10":{"start":{"line":29,"column":2},"end":{"line":52,"column":6}},"11":{"start":{"line":33,"column":6},"end":{"line":47,"column":7}},"12":{"start":{"line":34,"column":8},"end":{"line":42,"column":63}},"13":{"start":{"line":38,"column":22},"end":{"line":41,"column":12}},"14":{"start":{"line":42,"column":26},"end":{"line":42,"column":61}},"15":{"start":{"line":44,"column":8},"end":{"line":46,"column":11}},"16":{"start":{"line":50,"column":5},"end":{"line":50,"column":23}},"17":{"start":{"line":51,"column":5},"end":{"line":51,"column":33}},"18":{"start":{"line":55,"column":0},"end":{"line":91,"column":2}},"19":{"start":{"line":56,"column":2},"end":{"line":60,"column":3}},"20":{"start":{"line":57,"column":4},"end":{"line":59,"column":7}},"21":{"start":{"line":61,"column":2},"end":{"line":65,"column":3}},"22":{"start":{"line":62,"column":4},"end":{"line":64,"column":7}},"23":{"start":{"line":66,"column":2},"end":{"line":89,"column":49}},"24":{"start":{"line":72,"column":6},"end":{"line":76,"column":7}},"25":{"start":{"line":73,"column":8},"end":{"line":75,"column":11}},"26":{"start":{"line":77,"column":6},"end":{"line":81,"column":7}},"27":{"start":{"line":78,"column":8},"end":{"line":80,"column":11}},"28":{"start":{"line":82,"column":20},"end":{"line":82,"column":69}},"29":{"start":{"line":83,"column":6},"end":{"line":87,"column":9}},"30":{"start":{"line":89,"column":20},"end":{"line":89,"column":47}},"31":{"start":{"line":95,"column":0},"end":{"line":95,"column":24}}},"fnMap":{"0":{"name":"(anonymous_0)","decl":{"start":{"line":9,"column":16},"end":{"line":9,"column":17}},"loc":{"start":{"line":9,"column":30},"end":{"line":11,"column":2}},"line":9},"1":{"name":"(anonymous_1)","decl":{"start":{"line":13,"column":23},"end":{"line":13,"column":24}},"loc":{"start":{"line":13,"column":37},"end":{"line":53,"column":1}},"line":13},"2":{"name":"(anonymous_2)","decl":{"start":{"line":32,"column":10},"end":{"line":32,"column":11}},"loc":{"start":{"line":32,"column":20},"end":{"line":48,"column":5}},"line":32},"3":{"name":"(anonymous_3)","decl":{"start":{"line":38,"column":16},"end":{"line":38,"column":17}},"loc":{"start":{"line":38,"column":22},"end":{"line":41,"column":12}},"line":38},"4":{"name":"(anonymous_4)","decl":{"start":{"line":42,"column":17},"end":{"line":42,"column":18}},"loc":{"start":{"line":42,"column":26},"end":{"line":42,"column":61}},"line":42},"5":{"name":"(anonymous_5)","decl":{"start":{"line":49,"column":11},"end":{"line":49,"column":12}},"loc":{"start":{"line":49,"column":20},"end":{"line":52,"column":5}},"line":49},"6":{"name":"(anonymous_6)","decl":{"start":{"line":55,"column":23},"end":{"line":55,"column":24}},"loc":{"start":{"line":55,"column":37},"end":{"line":90,"column":1}},"line":55},"7":{"name":"(anonymous_7)","decl":{"start":{"line":71,"column":10},"end":{"line":71,"column":11}},"loc":{"start":{"line":71,"column":20},"end":{"line":88,"column":5}},"line":71},"8":{"name":"(anonymous_8)","decl":{"start":{"line":89,"column":11},"end":{"line":89,"column":12}},"loc":{"start":{"line":89,"column":20},"end":{"line":89,"column":47}},"line":89}},"branchMap":{"0":{"loc":{"start":{"line":14,"column":2},"end":{"line":18,"column":3}},"type":"if","locations":[{"start":{"line":14,"column":2},"end":{"line":18,"column":3}},{"start":{"line":14,"column":2},"end":{"line":18,"column":3}}],"line":14},"1":{"loc":{"start":{"line":14,"column":6},"end":{"line":14,"column":43}},"type":"binary-expr","locations":[{"start":{"line":14,"column":6},"end":{"line":14,"column":24}},{"start":{"line":14,"column":28},"end":{"line":14,"column":43}}],"line":14},"2":{"loc":{"start":{"line":19,"column":2},"end":{"line":23,"column":3}},"type":"if","locations":[{"start":{"line":19,"column":2},"end":{"line":23,"column":3}},{"start":{"line":19,"column":2},"end":{"line":23,"column":3}}],"line":19},"3":{"loc":{"start":{"line":24,"column":2},"end":{"line":28,"column":3}},"type":"if","locations":[{"start":{"line":24,"column":2},"end":{"line":28,"column":3}},{"start":{"line":24,"column":2},"end":{"line":28,"column":3}}],"line":24},"4":{"loc":{"start":{"line":33,"column":6},"end":{"line":47,"column":7}},"type":"if","locations":[{"start":{"line":33,"column":6},"end":{"line":47,"column":7}},{"start":{"line":33,"column":6},"end":{"line":47,"column":7}}],"line":33},"5":{"loc":{"start":{"line":56,"column":2},"end":{"line":60,"column":3}},"type":"if","locations":[{"start":{"line":56,"column":2},"end":{"line":60,"column":3}},{"start":{"line":56,"column":2},"end":{"line":60,"column":3}}],"line":56},"6":{"loc":{"start":{"line":61,"column":2},"end":{"line":65,"column":3}},"type":"if","locations":[{"start":{"line":61,"column":2},"end":{"line":65,"column":3}},{"start":{"line":61,"column":2},"end":{"line":65,"column":3}}],"line":61},"7":{"loc":{"start":{"line":72,"column":6},"end":{"line":76,"column":7}},"type":"if","locations":[{"start":{"line":72,"column":6},"end":{"line":76,"column":7}},{"start":{"line":72,"column":6},"end":{"line":76,"column":7}}],"line":72},"8":{"loc":{"start":{"line":77,"column":6},"end":{"line":81,"column":7}},"type":"if","locations":[{"start":{"line":77,"column":6},"end":{"line":81,"column":7}},{"start":{"line":77,"column":6},"end":{"line":81,"column":7}}],"line":77}},"s":{"0":1,"1":1,"2":0,"3":1,"4":5,"5":0,"6":5,"7":1,"8":4,"9":1,"10":3,"11":3,"12":2,"13":2,"14":0,"15":1,"16":0,"17":0,"18":1,"19":5,"20":1,"21":4,"22":0,"23":4,"24":4,"25":2,"26":2,"27":0,"28":2,"29":2,"30":0,"31":1},"f":{"0":0,"1":5,"2":3,"3":2,"4":0,"5":0,"6":5,"7":4,"8":0},"b":{"0":[0,5],"1":[5,1],"2":[1,4],"3":[1,3],"4":[2,1],"5":[1,4],"6":[0,4],"7":[2,2],"8":[0,2]},"_coverageSchema":"332fd63041d2c1bcb487cc26dd0d5f7d97098a6c","hash":"fc73e9d0c0f7e928dd0dbfa7645db1f5ae3f9fed","contentHash":"ea5be21d596eb46f549b1e7f5075a482_11.2.1"},"C:\\Users\\iyke\\projects\\Andela\\New folder\\more\\server\\models\\index.js":{"path":"C:\\Users\\iyke\\projects\\Andela\\New folder\\more\\server\\models\\index.js","statementMap":{"0":{"start":{"line":3,"column":11},"end":{"line":3,"column":24}},"1":{"start":{"line":4,"column":13},"end":{"line":4,"column":28}},"2":{"start":{"line":5,"column":18},"end":{"line":5,"column":38}},"3":{"start":{"line":7,"column":17},"end":{"line":7,"column":47}},"4":{"start":{"line":8,"column":12},"end":{"line":8,"column":49}},"5":{"start":{"line":9,"column":15},"end":{"line":9,"column":65}},"6":{"start":{"line":10,"column":11},"end":{"line":10,"column":13}},"7":{"start":{"line":13,"column":0},"end":{"line":19,"column":1}},"8":{"start":{"line":14,"column":2},"end":{"line":14,"column":66}},"9":{"start":{"line":16,"column":2},"end":{"line":18,"column":4}},"10":{"start":{"line":21,"column":0},"end":{"line":30,"column":5}},"11":{"start":{"line":24,"column":4},"end":{"line":26,"column":30}},"12":{"start":{"line":28,"column":18},"end":{"line":28,"column":62}},"13":{"start":{"line":29,"column":4},"end":{"line":29,"column":27}},"14":{"start":{"line":32,"column":0},"end":{"line":36,"column":3}},"15":{"start":{"line":33,"column":2},"end":{"line":35,"column":3}},"16":{"start":{"line":34,"column":4},"end":{"line":34,"column":32}},"17":{"start":{"line":38,"column":0},"end":{"line":38,"column":25}},"18":{"start":{"line":39,"column":0},"end":{"line":39,"column":25}},"19":{"start":{"line":41,"column":0},"end":{"line":41,"column":20}}},"fnMap":{"0":{"name":"(anonymous_0)","decl":{"start":{"line":23,"column":10},"end":{"line":23,"column":11}},"loc":{"start":{"line":24,"column":4},"end":{"line":26,"column":30}},"line":24},"1":{"name":"(anonymous_1)","decl":{"start":{"line":27,"column":11},"end":{"line":27,"column":12}},"loc":{"start":{"line":27,"column":21},"end":{"line":30,"column":3}},"line":27},"2":{"name":"(anonymous_2)","decl":{"start":{"line":32,"column":24},"end":{"line":32,"column":25}},"loc":{"start":{"line":32,"column":39},"end":{"line":36,"column":1}},"line":32}},"branchMap":{"0":{"loc":{"start":{"line":8,"column":12},"end":{"line":8,"column":49}},"type":"binary-expr","locations":[{"start":{"line":8,"column":12},"end":{"line":8,"column":32}},{"start":{"line":8,"column":36},"end":{"line":8,"column":49}}],"line":8},"1":{"loc":{"start":{"line":13,"column":0},"end":{"line":19,"column":1}},"type":"if","locations":[{"start":{"line":13,"column":0},"end":{"line":19,"column":1}},{"start":{"line":13,"column":0},"end":{"line":19,"column":1}}],"line":13},"2":{"loc":{"start":{"line":24,"column":4},"end":{"line":26,"column":30}},"type":"binary-expr","locations":[{"start":{"line":24,"column":5},"end":{"line":24,"column":28}},{"start":{"line":25,"column":5},"end":{"line":25,"column":22}},{"start":{"line":26,"column":5},"end":{"line":26,"column":29}}],"line":24},"3":{"loc":{"start":{"line":33,"column":2},"end":{"line":35,"column":3}},"type":"if","locations":[{"start":{"line":33,"column":2},"end":{"line":35,"column":3}},{"start":{"line":33,"column":2},"end":{"line":35,"column":3}}],"line":33}},"s":{"0":1,"1":1,"2":1,"3":1,"4":1,"5":1,"6":1,"7":1,"8":0,"9":1,"10":1,"11":8,"12":7,"13":7,"14":1,"15":7,"16":7,"17":1,"18":1,"19":1},"f":{"0":8,"1":7,"2":7},"b":{"0":[1,0],"1":[0,1],"2":[8,8,7],"3":[7,0]},"_coverageSchema":"332fd63041d2c1bcb487cc26dd0d5f7d97098a6c","hash":"57e7dcba93a431d1fa5801131706411a5f409e69","contentHash":"09abac7ec1d959c6b7a793154f0de4ef_11.2.1"},"C:\\Users\\iyke\\projects\\Andela\\New folder\\more\\server\\models\\category.js":{"path":"C:\\Users\\iyke\\projects\\Andela\\New folder\\more\\server\\models\\category.js","statementMap":{"0":{"start":{"line":2,"column":0},"end":{"line":23,"column":2}},"1":{"start":{"line":3,"column":17},"end":{"line":8,"column":4}},"2":{"start":{"line":10,"column":2},"end":{"line":21,"column":4}},"3":{"start":{"line":11,"column":4},"end":{"line":15,"column":7}},"4":{"start":{"line":17,"column":4},"end":{"line":20,"column":6}},"5":{"start":{"line":22,"column":2},"end":{"line":22,"column":18}}},"fnMap":{"0":{"name":"(anonymous_0)","decl":{"start":{"line":2,"column":17},"end":{"line":2,"column":18}},"loc":{"start":{"line":2,"column":43},"end":{"line":23,"column":1}},"line":2},"1":{"name":"(anonymous_1)","decl":{"start":{"line":10,"column":23},"end":{"line":10,"column":24}},"loc":{"start":{"line":10,"column":35},"end":{"line":21,"column":3}},"line":10}},"branchMap":{},"s":{"0":1,"1":1,"2":1,"3":1,"4":1,"5":1},"f":{"0":1,"1":1},"b":{},"_coverageSchema":"332fd63041d2c1bcb487cc26dd0d5f7d97098a6c","hash":"c765fd9e795ffb2d6dd54883c83ea9af005265d1","contentHash":"36cf698a2064b992b93a9ea85651b705_11.2.1"},"C:\\Users\\iyke\\projects\\Andela\\New folder\\more\\server\\models\\comment.js":{"path":"C:\\Users\\iyke\\projects\\Andela\\New folder\\more\\server\\models\\comment.js","statementMap":{"0":{"start":{"line":2,"column":0},"end":{"line":19,"column":2}},"1":{"start":{"line":3,"column":18},"end":{"line":9,"column":4}},"2":{"start":{"line":11,"column":2},"end":{"line":16,"column":4}},"3":{"start":{"line":12,"column":4},"end":{"line":15,"column":6}},"4":{"start":{"line":18,"column":2},"end":{"line":18,"column":17}}},"fnMap":{"0":{"name":"(anonymous_0)","decl":{"start":{"line":2,"column":17},"end":{"line":2,"column":18}},"loc":{"start":{"line":2,"column":43},"end":{"line":19,"column":1}},"line":2},"1":{"name":"(anonymous_1)","decl":{"start":{"line":11,"column":22},"end":{"line":11,"column":23}},"loc":{"start":{"line":11,"column":34},"end":{"line":16,"column":3}},"line":11}},"branchMap":{},"s":{"0":1,"1":1,"2":1,"3":1,"4":1},"f":{"0":1,"1":1},"b":{},"_coverageSchema":"332fd63041d2c1bcb487cc26dd0d5f7d97098a6c","hash":"b9b157b47c9eebb8baba3a57d4f491b38ac540d6","contentHash":"b4c977d522a39eca2bc02448d77719c0_11.2.1"},"C:\\Users\\iyke\\projects\\Andela\\New folder\\more\\server\\models\\favorite.js":{"path":"C:\\Users\\iyke\\projects\\Andela\\New folder\\more\\server\\models\\favorite.js","statementMap":{"0":{"start":{"line":3,"column":0},"end":{"line":30,"column":2}},"1":{"start":{"line":4,"column":19},"end":{"line":8,"column":4}},"2":{"start":{"line":11,"column":2},"end":{"line":26,"column":4}},"3":{"start":{"line":12,"column":4},"end":{"line":15,"column":7}},"4":{"start":{"line":17,"column":4},"end":{"line":20,"column":7}},"5":{"start":{"line":22,"column":4},"end":{"line":25,"column":7}},"6":{"start":{"line":29,"column":2},"end":{"line":29,"column":18}}},"fnMap":{"0":{"name":"(anonymous_0)","decl":{"start":{"line":3,"column":17},"end":{"line":3,"column":18}},"loc":{"start":{"line":3,"column":43},"end":{"line":30,"column":1}},"line":3},"1":{"name":"(anonymous_1)","decl":{"start":{"line":11,"column":23},"end":{"line":11,"column":24}},"loc":{"start":{"line":11,"column":35},"end":{"line":26,"column":3}},"line":11}},"branchMap":{},"s":{"0":1,"1":1,"2":1,"3":1,"4":1,"5":1,"6":1},"f":{"0":1,"1":1},"b":{},"_coverageSchema":"332fd63041d2c1bcb487cc26dd0d5f7d97098a6c","hash":"5b3c1381e373484fced4e55936c5c2d328fae1f5","contentHash":"880b38c8f711a145e253236245163eaf_11.2.1"},"C:\\Users\\iyke\\projects\\Andela\\New folder\\more\\server\\models\\recipes.js":{"path":"C:\\Users\\iyke\\projects\\Andela\\New folder\\more\\server\\models\\recipes.js","statementMap":{"0":{"start":{"line":3,"column":0},"end":{"line":49,"column":2}},"1":{"start":{"line":4,"column":17},"end":{"line":13,"column":4}},"2":{"start":{"line":15,"column":2},"end":{"line":45,"column":4}},"3":{"start":{"line":16,"column":4},"end":{"line":19,"column":7}},"4":{"start":{"line":21,"column":4},"end":{"line":24,"column":7}},"5":{"start":{"line":26,"column":4},"end":{"line":29,"column":7}},"6":{"start":{"line":31,"column":4},"end":{"line":34,"column":7}},"7":{"start":{"line":36,"column":4},"end":{"line":39,"column":7}},"8":{"start":{"line":48,"column":2},"end":{"line":48,"column":16}}},"fnMap":{"0":{"name":"(anonymous_0)","decl":{"start":{"line":3,"column":17},"end":{"line":3,"column":18}},"loc":{"start":{"line":3,"column":43},"end":{"line":49,"column":1}},"line":3},"1":{"name":"(anonymous_1)","decl":{"start":{"line":15,"column":21},"end":{"line":15,"column":22}},"loc":{"start":{"line":15,"column":33},"end":{"line":45,"column":3}},"line":15}},"branchMap":{},"s":{"0":1,"1":1,"2":1,"3":1,"4":1,"5":1,"6":1,"7":1,"8":1},"f":{"0":1,"1":1},"b":{},"_coverageSchema":"332fd63041d2c1bcb487cc26dd0d5f7d97098a6c","hash":"6e7a129d5cb647e65378bcbe7408bcec224a1ef6","contentHash":"6315635205cb477e2acec87bd850b722_11.2.1"},"C:\\Users\\iyke\\projects\\Andela\\New folder\\more\\server\\models\\user.js":{"path":"C:\\Users\\iyke\\projects\\Andela\\New folder\\more\\server\\models\\user.js","statementMap":{"0":{"start":{"line":1,"column":0},"end":{"line":32,"column":2}},"1":{"start":{"line":2,"column":15},"end":{"line":17,"column":4}},"2":{"start":{"line":19,"column":2},"end":{"line":29,"column":4}},"3":{"start":{"line":20,"column":4},"end":{"line":23,"column":7}},"4":{"start":{"line":25,"column":4},"end":{"line":28,"column":7}},"5":{"start":{"line":31,"column":2},"end":{"line":31,"column":14}}},"fnMap":{"0":{"name":"(anonymous_0)","decl":{"start":{"line":1,"column":17},"end":{"line":1,"column":18}},"loc":{"start":{"line":1,"column":43},"end":{"line":32,"column":1}},"line":1},"1":{"name":"(anonymous_1)","decl":{"start":{"line":19,"column":19},"end":{"line":19,"column":20}},"loc":{"start":{"line":19,"column":31},"end":{"line":29,"column":3}},"line":19}},"branchMap":{},"s":{"0":1,"1":1,"2":1,"3":1,"4":1,"5":1},"f":{"0":1,"1":1},"b":{},"_coverageSchema":"332fd63041d2c1bcb487cc26dd0d5f7d97098a6c","hash":"c611c0d611cb649e2aa2192f46bbe3110a66d525","contentHash":"9e8627b48fb54f14da4ee45baf32c918_11.2.1"},"C:\\Users\\iyke\\projects\\Andela\\New folder\\more\\server\\models\\views.js":{"path":"C:\\Users\\iyke\\projects\\Andela\\New folder\\more\\server\\models\\views.js","statementMap":{"0":{"start":{"line":3,"column":0},"end":{"line":17,"column":2}},"1":{"start":{"line":4,"column":16},"end":{"line":8,"column":4}},"2":{"start":{"line":10,"column":2},"end":{"line":15,"column":4}},"3":{"start":{"line":11,"column":4},"end":{"line":14,"column":7}},"4":{"start":{"line":16,"column":2},"end":{"line":16,"column":15}}},"fnMap":{"0":{"name":"(anonymous_0)","decl":{"start":{"line":3,"column":17},"end":{"line":3,"column":18}},"loc":{"start":{"line":3,"column":43},"end":{"line":17,"column":1}},"line":3},"1":{"name":"(anonymous_1)","decl":{"start":{"line":10,"column":20},"end":{"line":10,"column":21}},"loc":{"start":{"line":10,"column":32},"end":{"line":15,"column":3}},"line":10}},"branchMap":{},"s":{"0":1,"1":1,"2":1,"3":1,"4":1},"f":{"0":1,"1":1},"b":{},"_coverageSchema":"332fd63041d2c1bcb487cc26dd0d5f7d97098a6c","hash":"8ebb2dbdf0600d667974e887baf095d6d86f4426","contentHash":"02a7d1c65b1773b78f1d5de0d91dcd54_11.2.1"},"C:\\Users\\iyke\\projects\\Andela\\New folder\\more\\server\\models\\votes.js":{"path":"C:\\Users\\iyke\\projects\\Andela\\New folder\\more\\server\\models\\votes.js","statementMap":{"0":{"start":{"line":3,"column":0},"end":{"line":17,"column":2}},"1":{"start":{"line":4,"column":16},"end":{"line":8,"column":4}},"2":{"start":{"line":10,"column":2},"end":{"line":15,"column":4}},"3":{"start":{"line":11,"column":4},"end":{"line":14,"column":7}},"4":{"start":{"line":16,"column":2},"end":{"line":16,"column":15}}},"fnMap":{"0":{"name":"(anonymous_0)","decl":{"start":{"line":3,"column":17},"end":{"line":3,"column":18}},"loc":{"start":{"line":3,"column":43},"end":{"line":17,"column":1}},"line":3},"1":{"name":"(anonymous_1)","decl":{"start":{"line":10,"column":20},"end":{"line":10,"column":21}},"loc":{"start":{"line":10,"column":32},"end":{"line":15,"column":3}},"line":10}},"branchMap":{},"s":{"0":1,"1":1,"2":1,"3":1,"4":1},"f":{"0":1,"1":1},"b":{},"_coverageSchema":"332fd63041d2c1bcb487cc26dd0d5f7d97098a6c","hash":"cc11bbbb9c49f142a44ec3daa4bf0e780a0ff854","contentHash":"c7d5a12a9b6a3db23749a74525dac9b6_11.2.1"},"C:\\Users\\iyke\\projects\\Andela\\New folder\\more\\server\\routes\\recipeRouter.js":{"path":"C:\\Users\\iyke\\projects\\Andela\\New folder\\more\\server\\routes\\recipeRouter.js","statementMap":{"0":{"start":{"line":6,"column":15},"end":{"line":6,"column":31}},"1":{"start":{"line":8,"column":0},"end":{"line":31,"column":3}},"2":{"start":{"line":9,"column":18},"end":{"line":9,"column":45}},"3":{"start":{"line":10,"column":2},"end":{"line":14,"column":3}},"4":{"start":{"line":11,"column":4},"end":{"line":13,"column":7}},"5":{"start":{"line":15,"column":2},"end":{"line":19,"column":3}},"6":{"start":{"line":16,"column":4},"end":{"line":18,"column":7}},"7":{"start":{"line":20,"column":2},"end":{"line":30,"column":60}},"8":{"start":{"line":26,"column":21},"end":{"line":29,"column":6}},"9":{"start":{"line":30,"column":20},"end":{"line":30,"column":58}},"10":{"start":{"line":33,"column":0},"end":{"line":96,"column":2}},"11":{"start":{"line":34,"column":18},"end":{"line":34,"column":63}},"12":{"start":{"line":35,"column":2},"end":{"line":39,"column":3}},"13":{"start":{"line":36,"column":4},"end":{"line":38,"column":7}},"14":{"start":{"line":40,"column":2},"end":{"line":94,"column":49}},"15":{"start":{"line":42,"column":6},"end":{"line":92,"column":7}},"16":{"start":{"line":43,"column":8},"end":{"line":45,"column":11}},"17":{"start":{"line":47,"column":8},"end":{"line":91,"column":66}},"18":{"start":{"line":54,"column":12},"end":{"line":89,"column":13}},"19":{"start":{"line":55,"column":14},"end":{"line":72,"column":72}},"20":{"start":{"line":60,"column":18},"end":{"line":70,"column":76}},"21":{"start":{"line":62,"column":22},"end":{"line":68,"column":80}},"22":{"start":{"line":65,"column":36},"end":{"line":67,"column":26}},"23":{"start":{"line":68,"column":40},"end":{"line":68,"column":78}},"24":{"start":{"line":70,"column":36},"end":{"line":70,"column":74}},"25":{"start":{"line":72,"column":32},"end":{"line":72,"column":70}},"26":{"start":{"line":74,"column":14},"end":{"line":88,"column":72}},"27":{"start":{"line":76,"column":18},"end":{"line":86,"column":76}},"28":{"start":{"line":78,"column":22},"end":{"line":84,"column":80}},"29":{"start":{"line":81,"column":36},"end":{"line":83,"column":26}},"30":{"start":{"line":84,"column":40},"end":{"line":84,"column":78}},"31":{"start":{"line":86,"column":36},"end":{"line":86,"column":74}},"32":{"start":{"line":88,"column":32},"end":{"line":88,"column":70}},"33":{"start":{"line":91,"column":26},"end":{"line":91,"column":64}},"34":{"start":{"line":94,"column":20},"end":{"line":94,"column":47}},"35":{"start":{"line":98,"column":0},"end":{"line":157,"column":2}},"36":{"start":{"line":99,"column":18},"end":{"line":99,"column":62}},"37":{"start":{"line":100,"column":2},"end":{"line":155,"column":51}},"38":{"start":{"line":102,"column":6},"end":{"line":106,"column":7}},"39":{"start":{"line":103,"column":8},"end":{"line":105,"column":11}},"40":{"start":{"line":107,"column":6},"end":{"line":111,"column":7}},"41":{"start":{"line":108,"column":8},"end":{"line":110,"column":11}},"42":{"start":{"line":112,"column":6},"end":{"line":153,"column":53}},"43":{"start":{"line":123,"column":10},"end":{"line":150,"column":11}},"44":{"start":{"line":124,"column":32},"end":{"line":130,"column":14}},"45":{"start":{"line":131,"column":14},"end":{"line":148,"column":13}},"46":{"start":{"line":132,"column":36},"end":{"line":137,"column":17}},"47":{"start":{"line":138,"column":16},"end":{"line":147,"column":17}},"48":{"start":{"line":139,"column":18},"end":{"line":146,"column":17}},"49":{"start":{"line":140,"column":20},"end":{"line":140,"column":53}},"50":{"start":{"line":142,"column":20},"end":{"line":144,"column":23}},"51":{"start":{"line":145,"column":20},"end":{"line":145,"column":66}},"52":{"start":{"line":149,"column":12},"end":{"line":149,"column":42}},"53":{"start":{"line":151,"column":10},"end":{"line":151,"column":40}},"54":{"start":{"line":153,"column":24},"end":{"line":153,"column":51}},"55":{"start":{"line":155,"column":22},"end":{"line":155,"column":49}},"56":{"start":{"line":159,"column":0},"end":{"line":180,"column":2}},"57":{"start":{"line":160,"column":18},"end":{"line":160,"column":63}},"58":{"start":{"line":161,"column":2},"end":{"line":178,"column":60}},"59":{"start":{"line":163,"column":6},"end":{"line":167,"column":7}},"60":{"start":{"line":164,"column":8},"end":{"line":166,"column":11}},"61":{"start":{"line":168,"column":6},"end":{"line":172,"column":7}},"62":{"start":{"line":169,"column":8},"end":{"line":171,"column":11}},"63":{"start":{"line":173,"column":6},"end":{"line":176,"column":64}},"64":{"start":{"line":175,"column":20},"end":{"line":175,"column":71}},"65":{"start":{"line":176,"column":24},"end":{"line":176,"column":62}},"66":{"start":{"line":178,"column":20},"end":{"line":178,"column":58}},"67":{"start":{"line":182,"column":0},"end":{"line":241,"column":2}},"68":{"start":{"line":183,"column":18},"end":{"line":183,"column":63}},"69":{"start":{"line":184,"column":2},"end":{"line":188,"column":3}},"70":{"start":{"line":185,"column":4},"end":{"line":187,"column":7}},"71":{"start":{"line":189,"column":2},"end":{"line":193,"column":3}},"72":{"start":{"line":190,"column":4},"end":{"line":192,"column":7}},"73":{"start":{"line":194,"column":2},"end":{"line":239,"column":60}},"74":{"start":{"line":196,"column":6},"end":{"line":200,"column":7}},"75":{"start":{"line":197,"column":8},"end":{"line":199,"column":11}},"76":{"start":{"line":201,"column":6},"end":{"line":237,"column":64}},"77":{"start":{"line":203,"column":10},"end":{"line":235,"column":68}},"78":{"start":{"line":210,"column":34},"end":{"line":216,"column":16}},"79":{"start":{"line":217,"column":34},"end":{"line":222,"column":15}},"80":{"start":{"line":223,"column":14},"end":{"line":232,"column":17}},"81":{"start":{"line":224,"column":16},"end":{"line":231,"column":17}},"82":{"start":{"line":225,"column":18},"end":{"line":225,"column":35}},"83":{"start":{"line":227,"column":18},"end":{"line":229,"column":21}},"84":{"start":{"line":230,"column":18},"end":{"line":230,"column":64}},"85":{"start":{"line":233,"column":14},"end":{"line":233,"column":71}},"86":{"start":{"line":235,"column":28},"end":{"line":235,"column":66}},"87":{"start":{"line":237,"column":24},"end":{"line":237,"column":62}},"88":{"start":{"line":239,"column":20},"end":{"line":239,"column":58}},"89":{"start":{"line":243,"column":0},"end":{"line":320,"column":3}},"90":{"start":{"line":244,"column":18},"end":{"line":244,"column":63}},"91":{"start":{"line":245,"column":2},"end":{"line":249,"column":3}},"92":{"start":{"line":246,"column":4},"end":{"line":248,"column":7}},"93":{"start":{"line":250,"column":2},"end":{"line":319,"column":60}},"94":{"start":{"line":252,"column":6},"end":{"line":256,"column":7}},"95":{"start":{"line":253,"column":8},"end":{"line":255,"column":11}},"96":{"start":{"line":257,"column":6},"end":{"line":317,"column":11}},"97":{"start":{"line":264,"column":10},"end":{"line":292,"column":11}},"98":{"start":{"line":265,"column":12},"end":{"line":291,"column":59}},"99":{"start":{"line":271,"column":16},"end":{"line":289,"column":63}},"100":{"start":{"line":277,"column":20},"end":{"line":287,"column":67}},"101":{"start":{"line":279,"column":24},"end":{"line":285,"column":71}},"102":{"start":{"line":282,"column":38},"end":{"line":284,"column":28}},"103":{"start":{"line":285,"column":42},"end":{"line":285,"column":69}},"104":{"start":{"line":287,"column":38},"end":{"line":287,"column":65}},"105":{"start":{"line":289,"column":34},"end":{"line":289,"column":61}},"106":{"start":{"line":291,"column":30},"end":{"line":291,"column":57}},"107":{"start":{"line":293,"column":10},"end":{"line":316,"column":57}},"108":{"start":{"line":296,"column":14},"end":{"line":314,"column":61}},"109":{"start":{"line":302,"column":18},"end":{"line":312,"column":65}},"110":{"start":{"line":304,"column":22},"end":{"line":310,"column":69}},"111":{"start":{"line":307,"column":36},"end":{"line":309,"column":26}},"112":{"start":{"line":310,"column":40},"end":{"line":310,"column":67}},"113":{"start":{"line":312,"column":36},"end":{"line":312,"column":63}},"114":{"start":{"line":314,"column":32},"end":{"line":314,"column":59}},"115":{"start":{"line":316,"column":28},"end":{"line":316,"column":55}},"116":{"start":{"line":319,"column":20},"end":{"line":319,"column":58}},"117":{"start":{"line":322,"column":0},"end":{"line":399,"column":3}},"118":{"start":{"line":323,"column":18},"end":{"line":323,"column":63}},"119":{"start":{"line":324,"column":2},"end":{"line":328,"column":3}},"120":{"start":{"line":325,"column":4},"end":{"line":327,"column":7}},"121":{"start":{"line":329,"column":2},"end":{"line":398,"column":60}},"122":{"start":{"line":331,"column":6},"end":{"line":335,"column":7}},"123":{"start":{"line":332,"column":8},"end":{"line":334,"column":11}},"124":{"start":{"line":336,"column":6},"end":{"line":396,"column":11}},"125":{"start":{"line":343,"column":10},"end":{"line":371,"column":11}},"126":{"start":{"line":344,"column":12},"end":{"line":370,"column":59}},"127":{"start":{"line":350,"column":16},"end":{"line":368,"column":63}},"128":{"start":{"line":356,"column":20},"end":{"line":366,"column":67}},"129":{"start":{"line":358,"column":24},"end":{"line":364,"column":71}},"130":{"start":{"line":361,"column":42},"end":{"line":363,"column":28}},"131":{"start":{"line":364,"column":42},"end":{"line":364,"column":69}},"132":{"start":{"line":366,"column":38},"end":{"line":366,"column":65}},"133":{"start":{"line":368,"column":34},"end":{"line":368,"column":61}},"134":{"start":{"line":370,"column":30},"end":{"line":370,"column":57}},"135":{"start":{"line":372,"column":10},"end":{"line":395,"column":57}},"136":{"start":{"line":375,"column":14},"end":{"line":393,"column":61}},"137":{"start":{"line":381,"column":18},"end":{"line":391,"column":65}},"138":{"start":{"line":383,"column":22},"end":{"line":389,"column":69}},"139":{"start":{"line":386,"column":36},"end":{"line":388,"column":26}},"140":{"start":{"line":389,"column":40},"end":{"line":389,"column":67}},"141":{"start":{"line":391,"column":36},"end":{"line":391,"column":63}},"142":{"start":{"line":393,"column":32},"end":{"line":393,"column":59}},"143":{"start":{"line":395,"column":28},"end":{"line":395,"column":55}},"144":{"start":{"line":398,"column":20},"end":{"line":398,"column":58}},"145":{"start":{"line":401,"column":0},"end":{"line":436,"column":3}},"146":{"start":{"line":402,"column":18},"end":{"line":402,"column":63}},"147":{"start":{"line":403,"column":2},"end":{"line":407,"column":3}},"148":{"start":{"line":404,"column":4},"end":{"line":406,"column":7}},"149":{"start":{"line":408,"column":2},"end":{"line":435,"column":49}},"150":{"start":{"line":410,"column":6},"end":{"line":414,"column":7}},"151":{"start":{"line":411,"column":8},"end":{"line":413,"column":11}},"152":{"start":{"line":415,"column":6},"end":{"line":433,"column":53}},"153":{"start":{"line":422,"column":10},"end":{"line":431,"column":68}},"154":{"start":{"line":424,"column":14},"end":{"line":426,"column":17}},"155":{"start":{"line":427,"column":14},"end":{"line":429,"column":17}},"156":{"start":{"line":431,"column":28},"end":{"line":431,"column":66}},"157":{"start":{"line":433,"column":24},"end":{"line":433,"column":51}},"158":{"start":{"line":435,"column":20},"end":{"line":435,"column":47}},"159":{"start":{"line":438,"column":0},"end":{"line":438,"column":24}}},"fnMap":{"0":{"name":"(anonymous_0)","decl":{"start":{"line":8,"column":17},"end":{"line":8,"column":18}},"loc":{"start":{"line":8,"column":31},"end":{"line":31,"column":1}},"line":8},"1":{"name":"(anonymous_1)","decl":{"start":{"line":26,"column":10},"end":{"line":26,"column":11}},"loc":{"start":{"line":26,"column":21},"end":{"line":29,"column":6}},"line":26},"2":{"name":"(anonymous_2)","decl":{"start":{"line":30,"column":11},"end":{"line":30,"column":12}},"loc":{"start":{"line":30,"column":20},"end":{"line":30,"column":58}},"line":30},"3":{"name":"(anonymous_3)","decl":{"start":{"line":33,"column":24},"end":{"line":33,"column":25}},"loc":{"start":{"line":33,"column":38},"end":{"line":95,"column":1}},"line":33},"4":{"name":"(anonymous_4)","decl":{"start":{"line":41,"column":10},"end":{"line":41,"column":11}},"loc":{"start":{"line":41,"column":22},"end":{"line":93,"column":5}},"line":41},"5":{"name":"(anonymous_5)","decl":{"start":{"line":53,"column":16},"end":{"line":53,"column":17}},"loc":{"start":{"line":53,"column":29},"end":{"line":90,"column":11}},"line":53},"6":{"name":"(anonymous_6)","decl":{"start":{"line":59,"column":22},"end":{"line":59,"column":23}},"loc":{"start":{"line":59,"column":28},"end":{"line":71,"column":17}},"line":59},"7":{"name":"(anonymous_7)","decl":{"start":{"line":61,"column":26},"end":{"line":61,"column":27}},"loc":{"start":{"line":61,"column":38},"end":{"line":69,"column":21}},"line":61},"8":{"name":"(anonymous_8)","decl":{"start":{"line":65,"column":30},"end":{"line":65,"column":31}},"loc":{"start":{"line":65,"column":36},"end":{"line":67,"column":26}},"line":65},"9":{"name":"(anonymous_9)","decl":{"start":{"line":68,"column":31},"end":{"line":68,"column":32}},"loc":{"start":{"line":68,"column":40},"end":{"line":68,"column":78}},"line":68},"10":{"name":"(anonymous_10)","decl":{"start":{"line":70,"column":27},"end":{"line":70,"column":28}},"loc":{"start":{"line":70,"column":36},"end":{"line":70,"column":74}},"line":70},"11":{"name":"(anonymous_11)","decl":{"start":{"line":72,"column":23},"end":{"line":72,"column":24}},"loc":{"start":{"line":72,"column":32},"end":{"line":72,"column":70}},"line":72},"12":{"name":"(anonymous_12)","decl":{"start":{"line":75,"column":22},"end":{"line":75,"column":23}},"loc":{"start":{"line":75,"column":28},"end":{"line":87,"column":17}},"line":75},"13":{"name":"(anonymous_13)","decl":{"start":{"line":77,"column":26},"end":{"line":77,"column":27}},"loc":{"start":{"line":77,"column":38},"end":{"line":85,"column":21}},"line":77},"14":{"name":"(anonymous_14)","decl":{"start":{"line":81,"column":30},"end":{"line":81,"column":31}},"loc":{"start":{"line":81,"column":36},"end":{"line":83,"column":26}},"line":81},"15":{"name":"(anonymous_15)","decl":{"start":{"line":84,"column":31},"end":{"line":84,"column":32}},"loc":{"start":{"line":84,"column":40},"end":{"line":84,"column":78}},"line":84},"16":{"name":"(anonymous_16)","decl":{"start":{"line":86,"column":27},"end":{"line":86,"column":28}},"loc":{"start":{"line":86,"column":36},"end":{"line":86,"column":74}},"line":86},"17":{"name":"(anonymous_17)","decl":{"start":{"line":88,"column":23},"end":{"line":88,"column":24}},"loc":{"start":{"line":88,"column":32},"end":{"line":88,"column":70}},"line":88},"18":{"name":"(anonymous_18)","decl":{"start":{"line":91,"column":17},"end":{"line":91,"column":18}},"loc":{"start":{"line":91,"column":26},"end":{"line":91,"column":64}},"line":91},"19":{"name":"(anonymous_19)","decl":{"start":{"line":94,"column":11},"end":{"line":94,"column":12}},"loc":{"start":{"line":94,"column":20},"end":{"line":94,"column":47}},"line":94},"20":{"name":"(anonymous_20)","decl":{"start":{"line":98,"column":19},"end":{"line":98,"column":20}},"loc":{"start":{"line":98,"column":33},"end":{"line":156,"column":1}},"line":98},"21":{"name":"(anonymous_21)","decl":{"start":{"line":101,"col
[...]
318,"column":5}},"line":251},"41":{"name":"(anonymous_41)","decl":{"start":{"line":263,"column":14},"end":{"line":263,"column":15}},"loc":{"start":{"line":263,"column":25},"end":{"line":317,"column":9}},"line":263},"42":{"name":"(anonymous_42)","decl":{"start":{"line":270,"column":20},"end":{"line":270,"column":21}},"loc":{"start":{"line":270,"column":26},"end":{"line":290,"column":15}},"line":270},"43":{"name":"(anonymous_43)","decl":{"start":{"line":276,"column":24},"end":{"line":276,"column":25}},"loc":{"start":{"line":276,"column":35},"end":{"line":288,"column":19}},"line":276},"44":{"name":"(anonymous_44)","decl":{"start":{"line":278,"column":28},"end":{"line":278,"column":29}},"loc":{"start":{"line":278,"column":40},"end":{"line":286,"column":23}},"line":278},"45":{"name":"(anonymous_45)","decl":{"start":{"line":282,"column":32},"end":{"line":282,"column":33}},"loc":{"start":{"line":282,"column":38},"end":{"line":284,"column":28}},"line":282},"46":{"name":"(anonymous_46)","decl":{"start":{"line":285,"column":33},"end":{"line":285,"column":34}},"loc":{"start":{"line":285,"column":42},"end":{"line":285,"column":69}},"line":285},"47":{"name":"(anonymous_47)","decl":{"start":{"line":287,"column":29},"end":{"line":287,"column":30}},"loc":{"start":{"line":287,"column":38},"end":{"line":287,"column":65}},"line":287},"48":{"name":"(anonymous_48)","decl":{"start":{"line":289,"column":25},"end":{"line":289,"column":26}},"loc":{"start":{"line":289,"column":34},"end":{"line":289,"column":61}},"line":289},"49":{"name":"(anonymous_49)","decl":{"start":{"line":291,"column":21},"end":{"line":291,"column":22}},"loc":{"start":{"line":291,"column":30},"end":{"line":291,"column":57}},"line":291},"50":{"name":"(anonymous_50)","decl":{"start":{"line":295,"column":18},"end":{"line":295,"column":19}},"loc":{"start":{"line":295,"column":24},"end":{"line":315,"column":13}},"line":295},"51":{"name":"(anonymous_51)","decl":{"start":{"line":301,"column":22},"end":{"line":301,"column":23}},"loc":{"start":{"line":301,"column":33},"end":{"line":313,"column":17}},"line":301},"52":{"name":"(anonymous_52)","decl":{"start":{"line":303,"column":26},"end":{"line":303,"column":27}},"loc":{"start":{"line":303,"column":38},"end":{"line":311,"column":21}},"line":303},"53":{"name":"(anonymous_53)","decl":{"start":{"line":307,"column":30},"end":{"line":307,"column":31}},"loc":{"start":{"line":307,"column":36},"end":{"line":309,"column":26}},"line":307},"54":{"name":"(anonymous_54)","decl":{"start":{"line":310,"column":31},"end":{"line":310,"column":32}},"loc":{"start":{"line":310,"column":40},"end":{"line":310,"column":67}},"line":310},"55":{"name":"(anonymous_55)","decl":{"start":{"line":312,"column":27},"end":{"line":312,"column":28}},"loc":{"start":{"line":312,"column":36},"end":{"line":312,"column":63}},"line":312},"56":{"name":"(anonymous_56)","decl":{"start":{"line":314,"column":23},"end":{"line":314,"column":24}},"loc":{"start":{"line":314,"column":32},"end":{"line":314,"column":59}},"line":314},"57":{"name":"(anonymous_57)","decl":{"start":{"line":316,"column":19},"end":{"line":316,"column":20}},"loc":{"start":{"line":316,"column":28},"end":{"line":316,"column":55}},"line":316},"58":{"name":"(anonymous_58)","decl":{"start":{"line":319,"column":11},"end":{"line":319,"column":12}},"loc":{"start":{"line":319,"column":20},"end":{"line":319,"column":58}},"line":319},"59":{"name":"(anonymous_59)","decl":{"start":{"line":322,"column":28},"end":{"line":322,"column":29}},"loc":{"start":{"line":322,"column":42},"end":{"line":399,"column":1}},"line":322},"60":{"name":"(anonymous_60)","decl":{"start":{"line":330,"column":10},"end":{"line":330,"column":11}},"loc":{"start":{"line":330,"column":22},"end":{"line":397,"column":5}},"line":330},"61":{"name":"(anonymous_61)","decl":{"start":{"line":342,"column":14},"end":{"line":342,"column":15}},"loc":{"start":{"line":342,"column":25},"end":{"line":396,"column":9}},"line":342},"62":{"name":"(anonymous_62)","decl":{"start":{"line":349,"column":20},"end":{"line":349,"column":21}},"loc":{"start":{"line":349,"column":33},"end":{"line":369,"column":15}},"line":349},"63":{"name":"(anonymous_63)","decl":{"start":{"line":355,"column":24},"end":{"line":355,"column":25}},"loc":{"start":{"line":355,"column":35},"end":{"line":367,"column":19}},"line":355},"64":{"name":"(anonymous_64)","decl":{"start":{"line":357,"column":28},"end":{"line":357,"column":29}},"loc":{"start":{"line":357,"column":40},"end":{"line":365,"column":23}},"line":357},"65":{"name":"(anonymous_65)","decl":{"start":{"line":361,"column":32},"end":{"line":361,"column":33}},"loc":{"start":{"line":361,"column":42},"end":{"line":363,"column":28}},"line":361},"66":{"name":"(anonymous_66)","decl":{"start":{"line":364,"column":33},"end":{"line":364,"column":34}},"loc":{"start":{"line":364,"column":42},"end":{"line":364,"column":69}},"line":364},"67":{"name":"(anonymous_67)","decl":{"start":{"line":366,"column":29},"end":{"line":366,"column":30}},"loc":{"start":{"line":366,"column":38},"end":{"line":366,"column":65}},"line":366},"68":{"name":"(anonymous_68)","decl":{"start":{"line":368,"column":25},"end":{"line":368,"column":26}},"loc":{"start":{"line":368,"column":34},"end":{"line":368,"column":61}},"line":368},"69":{"name":"(anonymous_69)","decl":{"start":{"line":370,"column":21},"end":{"line":370,"column":22}},"loc":{"start":{"line":370,"column":30},"end":{"line":370,"column":57}},"line":370},"70":{"name":"(anonymous_70)","decl":{"start":{"line":374,"column":18},"end":{"line":374,"column":19}},"loc":{"start":{"line":374,"column":24},"end":{"line":394,"column":13}},"line":374},"71":{"name":"(anonymous_71)","decl":{"start":{"line":380,"column":22},"end":{"line":380,"column":23}},"loc":{"start":{"line":380,"column":33},"end":{"line":392,"column":17}},"line":380},"72":{"name":"(anonymous_72)","decl":{"start":{"line":382,"column":26},"end":{"line":382,"column":27}},"loc":{"start":{"line":382,"column":38},"end":{"line":390,"column":21}},"line":382},"73":{"name":"(anonymous_73)","decl":{"start":{"line":386,"column":30},"end":{"line":386,"column":31}},"loc":{"start":{"line":386,"column":36},"end":{"line":388,"column":26}},"line":386},"74":{"name":"(anonymous_74)","decl":{"start":{"line":389,"column":31},"end":{"line":389,"column":32}},"loc":{"start":{"line":389,"column":40},"end":{"line":389,"column":67}},"line":389},"75":{"name":"(anonymous_75)","decl":{"start":{"line":391,"column":27},"end":{"line":391,"column":28}},"loc":{"start":{"line":391,"column":36},"end":{"line":391,"column":63}},"line":391},"76":{"name":"(anonymous_76)","decl":{"start":{"line":393,"column":23},"end":{"line":393,"column":24}},"loc":{"start":{"line":393,"column":32},"end":{"line":393,"column":59}},"line":393},"77":{"name":"(anonymous_77)","decl":{"start":{"line":395,"column":19},"end":{"line":395,"column":20}},"loc":{"start":{"line":395,"column":28},"end":{"line":395,"column":55}},"line":395},"78":{"name":"(anonymous_78)","decl":{"start":{"line":398,"column":11},"end":{"line":398,"column":12}},"loc":{"start":{"line":398,"column":20},"end":{"line":398,"column":58}},"line":398},"79":{"name":"(anonymous_79)","decl":{"start":{"line":401,"column":26},"end":{"line":401,"column":27}},"loc":{"start":{"line":401,"column":40},"end":{"line":436,"column":1}},"line":401},"80":{"name":"(anonymous_80)","decl":{"start":{"line":409,"column":10},"end":{"line":409,"column":11}},"loc":{"start":{"line":409,"column":23},"end":{"line":434,"column":5}},"line":409},"81":{"name":"(anonymous_81)","decl":{"start":{"line":421,"column":14},"end":{"line":421,"column":15}},"loc":{"start":{"line":421,"column":26},"end":{"line":432,"column":9}},"line":421},"82":{"name":"(anonymous_82)","decl":{"start":{"line":423,"column":18},"end":{"line":423,"column":19}},"loc":{"start":{"line":423,"column":31},"end":{"line":430,"column":13}},"line":423},"83":{"name":"(anonymous_83)","decl":{"start":{"line":431,"column":19},"end":{"line":431,"column":20}},"loc":{"start":{"line":431,"column":28},"end":{"line":431,"column":66}},"line":431},"84":{"name":"(anonymous_84)","decl":{"start":{"line":433,"column":15},"end":{"line":433,"column":16}},"loc":{"start":{"line":433,"column":24},"end":{"line":433,"column":51}},"line":433},"85":{"name":"(anonymous_85)","decl":{"start":{"line":435,"column":11},"end":{"line":435,"column":12}},"loc":{"start":{"line":435,"column":20},"end":{"line":435,"column":47}},"line":435}},"branchMap":{"0":{"loc":{"start":{"line":10,"column":2},"end":{"line":14,"column":3}},"type":"if","locations":[{"start":{"line":10,"column":2},"end":{"line":14,"column":3}},{"start":{"line":10,"column":2},"end":{"line":14,"column":3}}],"line":10},"1":{"loc":{"start":{"line":15,"column":2},"end":{"line":19,"column":3}},"type":"if","locations":[{"start":{"line":15,"column":2},"end":{"line":19,"column":3}},{"start":{"line":15,"column":2},"end":{"line":19,"column":3}}],"line":15},"2":{"loc":{"start":{"line":15,"column":6},"end":{"line":15,"column":92}},"type":"binary-expr","locations":[{"start":{"line":15,"column":6},"end":{"line":15,"column":29}},{"start":{"line":15,"column":33},"end":{"line":15,"column":62}},{"start":{"line":15,"column":66},"end":{"line":15,"column":92}}],"line":15},"3":{"loc":{"start":{"line":34,"column":29},"end":{"line":34,"column":62}},"type":"binary-expr","locations":[{"start":{"line":34,"column":29},"end":{"line":34,"column":44}},{"start":{"line":34,"column":48},"end":{"line":34,"column":62}}],"line":34},"4":{"loc":{"start":{"line":35,"column":2},"end":{"line":39,"column":3}},"type":"if","locations":[{"start":{"line":35,"column":2},"end":{"line":39,"column":3}},{"start":{"line":35,"column":2},"end":{"line":39,"column":3}}],"line":35},"5":{"loc":{"start":{"line":42,"column":6},"end":{"line":92,"column":7}},"type":"if","locations":[{"start":{"line":42,"column":6},"end":{"line":92,"column":7}},{"start":{"line":42,"column":6},"end":{"line":92,"column":7}}],"line":42},"6":{"loc":{"start":{"line":54,"column":12},"end":{"line":89,"column":13}},"type":"if","locations":[{"start":{"line":54,"column":12},"end":{"line":89,"column":13}},{"start":{"line":54,"column":12},"end":{"line":89,"column":13}}],"line":54},"7":{"loc":{"start":{"line":99,"column":29},"end":{"line":99,"column":61}},"type":"binary-expr","locations":[{"start":{"line":99,"column":29},"end":{"line":99,"column":43}},{"start":{"line":99,"column":47},"end":{"line":99,"column":61}}],"line":99},"8":{"loc":{"start":{"line":102,"column":6},"end":{"line":106,"column":7}},"type":"if","locations":[{"start":{"line":102,"column":6},"end":{"line":106,"column":7}},{"start":{"line":102,"column":6},"end":{"line":106,"column":7}}],"line":102},"9":{"loc":{"start":{"line":107,"column":6},"end":{"line":111,"column":7}},"type":"if","locations":[{"start":{"line":107,"column":6},"end":{"line":111,"column":7}},{"start":{"line":107,"column":6},"end":{"line":111,"column":7}}],"line":107},"10":{"loc":{"start":{"line":114,"column":17},"end":{"line":114,"column":47}},"type":"binary-expr","locations":[{"start":{"line":114,"column":17},"end":{"line":114,"column":31}},{"start":{"line":114,"column":35},"end":{"line":114,"column":47}}],"line":114},"11":{"loc":{"start":{"line":115,"column":23},"end":{"line":115,"column":65}},"type":"binary-expr","locations":[{"start":{"line":115,"column":23},"end":{"line":115,"column":43}},{"start":{"line":115,"column":47},"end":{"line":115,"column":65}}],"line":115},"12":{"loc":{"start":{"line":116,"column":20},"end":{"line":116,"column":56}},"type":"binary-expr","locations":[{"start":{"line":116,"column":20},"end":{"line":116,"column":37}},{"start":{"line":116,"column":41},"end":{"line":116,"column":56}}],"line":116},"13":{"loc":{"start":{"line":117,"column":18},"end":{"line":117,"column":50}},"type":"binary-expr","locations":[{"start":{"line":117,"column":18},"end":{"line":117,"column":33}},{"start":{"line":117,"column":37},"end":{"line":117,"column":50}}],"line":117},"14":{"loc":{"start":{"line":118,"column":20},"end":{"line":118,"column":56}},"type":"binary-expr","locations":[{"start":{"line":118,"column":20},"end":{"line":118,"column":37}},{"start":{"line":118,"column":41},"end":{"line":118,"column":56}}],"line":118},"15":{"loc":{"start":{"line":119,"column":18},"end":{"line":119,"column":48}},"type":"binary-expr","locations":[{"start":{"line":119,"column":18},"end":{"line":119,"column":33}},{"start":{"line":119,"column":37},"end":{"line":119,"column":48}}],"line":119},"16":{"loc":{"start":{"line":123,"column":10},"end":{"line":150,"column":11}},"type":"if","locations":[{"start":{"line":123,"column":10},"end":{"line":150,"column":11}},{"start":{"line":123,"column":10},"end":{"line":150,"column":11}}],"line":123},"17":{"loc":{"start":{"line":139,"column":18},"end":{"line":146,"column":17}},"type":"if","locations":[{"start":{"line":139,"column":18},"end":{"line":146,"column":17}},{"start":{"line":139,"column":18},"end":{"line":146,"column":17}}],"line":139},"18":{"loc":{"start":{"line":160,"column":29},"end":{"line":160,"column":62}},"type":"binary-expr","locations":[{"start":{"line":160,"column":29},"end":{"line":160,"column":43}},{"start":{"line":160,"column":47},"end":{"line":160,"column":62}}],"line":160},"19":{"loc":{"start":{"line":163,"column":6},"end":{"line":167,"column":7}},"type":"if","locations":[{"start":{"line":163,"column":6},"end":{"line":167,"column":7}},{"start":{"line":163,"column":6},"end":{"line":167,"column":7}}],"line":163},"20":{"loc":{"start":{"line":168,"column":6},"end":{"line":172,"column":7}},"type":"if","locations":[{"start":{"line":168,"column":6},"end":{"line":172,"column":7}},{"start":{"line":168,"column":6},"end":{"line":172,"column":7}}],"line":168},"21":{"loc":{"start":{"line":183,"column":29},"end":{"line":183,"column":62}},"type":"binary-expr","locations":[{"start":{"line":183,"column":29},"end":{"line":183,"column":44}},{"start":{"line":183,"column":48},"end":{"line":183,"column":62}}],"line":183},"22":{"loc":{"start":{"line":184,"column":2},"end":{"line":188,"column":3}},"type":"if","locations":[{"start":{"line":184,"column":2},"end":{"line":188,"column":3}},{"start":{"line":184,"column":2},"end":{"line":188,"column":3}}],"line":184},"23":{"loc":{"start":{"line":189,"column":2},"end":{"line":193,"column":3}},"type":"if","locations":[{"start":{"line":189,"column":2},"end":{"line":193,"column":3}},{"start":{"line":189,"column":2},"end":{"line":193,"column":3}}],"line":189},"24":{"loc":{"start":{"line":196,"column":6},"end":{"line":200,"column":7}},"type":"if","locations":[{"start":{"line":196,"column":6},"end":{"line":200,"column":7}},{"start":{"line":196,"column":6},"end":{"line":200,"column":7}}],"line":196},"25":{"loc":{"start":{"line":224,"column":16},"end":{"line":231,"column":17}},"type":"if","locations":[{"start":{"line":224,"column":16},"end":{"line":231,"column":17}},{"start":{"line":224,"column":16},"end":{"line":231,"column":17}}],"line":224},"26":{"loc":{"start":{"line":244,"column":29},"end":{"line":244,"column":62}},"type":"binary-expr","locations":[{"start":{"line":244,"column":29},"end":{"line":244,"column":44}},{"start":{"line":244,"column":48},"end":{"line":244,"column":62}}],"line":244},"27":{"loc":{"start":{"line":245,"column":2},"end":{"line":249,"column":3}},"type":"if","locations":[{"start":{"line":245,"column":2},"end":{"line":249,"column":3}},{"start":{"line":245,"column":2},"end":{"line":249,"column":3}}],"line":245},"28":{"loc":{"start":{"line":252,"column":6},"end":{"line":256,"column":7}},"type":"if","locations":[{"start":{"line":252,"column":6},"end":{"line":256,"column":7}},{"start":{"line":252,"column":6},"end":{"line":256,"column":7}}],"line":252},"29":{"loc":{"start":{"line":264,"column":10},"end":{"line":292,"column":11}},"type":"if","locations":[{"start":{"line":264,"column":10},"end":{"line":292,"column":11}},{"start":{"line":264,"column":10},"end":{"line":292,"column":11}}],"line":264},"30":{"loc":{"start":{"line":323,"column":29},"end":{"line":323,"column":62}},"type":"binary-expr","locations":[{"start":{"line":323,"column":29},"end":{"line":323,"column":44}},{"start":{"line":323,"column":48},"end":{"line":323,"column":62}}],"line":323},"31":{"loc":{"start":{"line":324,"column":2},"end":{"line":328,"column":3}},"type":"if","locations":[{"start":{"line":324,"column":2},"end":{"line":328,"column":3}},{"start":{"line":324,"column":2},"end":{"line":328,"column":3}}],"line":324},"32":{"loc":{"start":{"line":331,"column":6},"end":{"line":335,"column":7}},"type":"if","locations":[{"start":{"line":331,"column":6},"end":{"line":335,"column":7}},{"start":{"line":331,"column":6},"end":{"line":335,"column":7}}],"line":331},"33":{"loc":{"start":{"line":343,"column":10},"end":{"line":371,"column":11}},"type":"if","locations":[{"start":{"line":343,"column":10},"end":{"line":371,"column":11}},{"start":{"line":343,"column":10},"end":{"line":371,"column":11}}],"line":343},"34":{"loc":{"start":{"line":402,"column":29},"end":{"line":402,"column":62}},"type":"binary-expr","locations":[{"start":{"line":402,"column":29},"end":{"line":402,"column":44}},{"start":{"line":402,"column":48},"end":{"line":402,"column":62}}],"line":402},"35":{"loc":{"start":{"line":403,"column":2},"end":{"line":407,"column":3}},"type":"if","locations":[{"start":{"line":403,"column":2},"end":{"line":407,"column":3}},{"start":{"line":403,"column":2},"end":{"line":407,"column":3}}],"line":403},"36":{"loc":{"start":{"line":410,"column":6},"end":{"line":414,"column":7}},"type":"if","locations":[{"start":{"line":410,"column":6},"end":{"line":414,"column":7}},{"start":{"line":410,"column":6},"end":{"line":414,"column":7}}],"line":410}},"s":{"0":1,"1":1,"2":4,"3":4,"4":1,"5":3,"6":1,"7":2,"8":2,"9":0,"10":1,"11":4,"12":4,"13":0,"14":4,"15":4,"16":1,"17":3,"18":3,"19":2,"20":2,"21":2,"22":2,"23":0,"24":0,"25":0,"26":1,"27":1,"28":1,"29":1,"30":0,"31":0,"32":0,"33":0,"34":0,"35":1,"36":2,"37":2,"38":2,"39":1,"40":1,"41":1,"42":0,"43":0,"44":0,"45":0,"46":0,"47":0,"48":0,"49":0,"50":0,"51":0,"52":0,"53":0,"54":0,"55":0,"56":1,"57":3,"58":3,"59":3,"60":1,"61":2,"62":1,"63":1,"64":1,"65":0,"66":0,"67":1,"68":4,"69":4,"70":1,"71":3,"72":1,"73":2,"74":2,"75":1,"76":1,"77":1,"78":1,"79":1,"80":1,"81":0,"82":0,"83":0,"84":0,"85":1,"86":0,"87":0,"88":0,"89":1,"90":10,"91":10,"92":4,"93":6,"94":6,"95":2,"96":4,"97":4,"98":2,"99":2,"100":2,"101":2,"102":2,"103":0,"104":0,"105":0,"106":0,"107":4,"108":2,"109":2,"110":2,"111":2,"112":0,"113":0,"114":0,"115":0,"116":0,"117":1,"118":6,"119":6,"120":0,"121":6,"122":6,"123":2,"124":4,"125":4,"126":2,"127":2,"128":2,"129":2,"130":2,"131":0,"132":0,"133":0,"134":0,"135":4,"136":2,"137":2,"138":2,"139":2,"140":0,"141":0,"142":0,"143":0,"144":0,"145":1,"146":3,"147":3,"148":1,"149":2,"150":2,"151":1,"152":1,"153":1,"154":1,"155":1,"156":0,"157":0,"158":0,"159":1},"f":{"0":4,"1":2,"2":0,"3":4,"4":4,"5":3,"6":2,"7":2,"8":2,"9":0,"10":0,"11":0,"12":1,"13":1,"14":1,"15":0,"16":0,"17":0,"18":0,"19":0,"20":2,"21":2,"22":0,"23":0,"24":0,"25":0,"26":3,"27":3,"28":1,"29":0,"30":0,"31":4,"32":2,"33":1,"34":1,"35":0,"36":0,"37":0,"38":0,"39":10,"40":6,"41":4,"42":2,"43":2,"44":2,"45":2,"46":0,"47":0,"48":0,"49":0,"50":2,"51":2,"52":2,"53":2,"54":0,"55":0,"56":0,"57":0,"58":0,"59":6,"60":6,"61":4,"62":2,"63":2,"64":2,"65":2,"66":0,"67":0,"68":0,"69":0,"70":2,"71":2,"72":2,"73":2,"74":0,"75":0,"76":0,"77":0,"78":0,"79":3,"80":2,"81":1,"82":1,"83":0,"84":0,"85":0},"b":{"0":[1,3],"1":[1,2],"2":[3,2,2],"3":[4,4],"4":[0,4],"5":[1,3],"6":[2,1],"7":[2,0],"8":[1,1],"9":[1,0],"10":[0,0],"11":[0,0],"12":[0,0],"13":[0,0],"14":[0,0],"15":[0,0],"16":[0,0],"17":[0,0],"18":[3,0],"19":[1,2],"20":[1,1],"21":[4,4],"22":[1,3],"23":[1,2],"24":[1,1],"25":[0,0],"26":[10,10],"27":[4,6],"28":[2,4],"29":[2,2],"30":[6,6],"31":[0,6],"32":[2,4],"33":[2,2],"34":[3,3],"35":[1,2],"36":[1,1]},"_coverageSchema":"332fd63041d2c1bcb487cc26dd0d5f7d97098a6c","hash":"db10fa079b81790f95dc50de8a7401341c57436d","contentHash":"d721e7fac67ad9db3f6ae935cc3d1827_11.2.1"}}